000 (433494.020.000) 2023-09-13 18:49:08 Job submitted from host: <172.17.47.42:9618?addrs=172.17.47.42-9618&alias=condorsc1.ciemat.es&noUDP&sock=schedd_1710_7f09>
...
040 (433494.020.000) 2023-09-13 19:02:59 Started transferring input files
	Transferring to host: <172.17.36.201:9618?addrs=172.17.36.201-9618&alias=gaew0201.ciemat.es&noUDP&sock=slot1_5_3793_42f3_2230>
...
040 (433494.020.000) 2023-09-13 19:02:59 Finished transferring input files
...
001 (433494.020.000) 2023-09-13 19:03:00 Job executing on host: <172.17.36.201:9618?addrs=172.17.36.201-9618&alias=gaew0201.ciemat.es&noUDP&sock=startd_2612_3176>
...
006 (433494.020.000) 2023-09-13 19:03:09 Image size of job updated: 129560
	127  -  MemoryUsage of job (MB)
	129560  -  ResidentSetSize of job (KB)
...
006 (433494.020.000) 2023-09-13 19:04:09 Image size of job updated: 4465844
	1181  -  MemoryUsage of job (MB)
	1208876  -  ResidentSetSize of job (KB)
...
006 (433494.020.000) 2023-09-13 19:04:14 Image size of job updated: 4465928
	1181  -  MemoryUsage of job (MB)
	1208876  -  ResidentSetSize of job (KB)
...
040 (433494.020.000) 2023-09-13 19:04:14 Started transferring output files
...
040 (433494.020.000) 2023-09-13 19:04:14 Finished transferring output files
...
005 (433494.020.000) 2023-09-13 19:04:14 Job terminated.
	(1) Normal termination (return value 0)
		Usr 0 00:07:50, Sys 0 00:00:21  -  Run Remote Usage
		Usr 0 00:00:00, Sys 0 00:00:00  -  Run Local Usage
		Usr 0 00:07:50, Sys 0 00:00:21  -  Total Remote Usage
		Usr 0 00:00:00, Sys 0 00:00:00  -  Total Local Usage
	350  -  Run Bytes Sent By Job
	217  -  Run Bytes Received By Job
	350  -  Total Bytes Sent By Job
	217  -  Total Bytes Received By Job
	Partitionable Resources :    Usage  Request Allocated 
	   Cpus                 :                 4         4 
	   Disk (KB)            :       12        1    743351 
	   Memory (MB)          :     1181        1       128 

	Job terminated of its own accord at 2023-09-13T17:04:14Z.
...
