000 (433494.013.000) 2023-09-13 18:49:08 Job submitted from host: <172.17.47.42:9618?addrs=172.17.47.42-9618&alias=condorsc1.ciemat.es&noUDP&sock=schedd_1710_7f09>
...
040 (433494.013.000) 2023-09-13 18:54:52 Started transferring input files
	Transferring to host: <172.17.36.203:9618?addrs=172.17.36.203-9618&alias=gaew0203.ciemat.es&noUDP&sock=slot1_5_3849_b7f6_1433>
...
040 (433494.013.000) 2023-09-13 18:54:52 Finished transferring input files
...
001 (433494.013.000) 2023-09-13 18:54:53 Job executing on host: <172.17.36.203:9618?addrs=172.17.36.203-9618&alias=gaew0203.ciemat.es&noUDP&sock=startd_2728_c273>
...
006 (433494.013.000) 2023-09-13 18:55:01 Image size of job updated: 832668
	127  -  MemoryUsage of job (MB)
	129240  -  ResidentSetSize of job (KB)
...
006 (433494.013.000) 2023-09-13 18:56:01 Image size of job updated: 4600208
	1052  -  MemoryUsage of job (MB)
	1077192  -  ResidentSetSize of job (KB)
...
006 (433494.013.000) 2023-09-13 18:56:26 Image size of job updated: 4600208
	1052  -  MemoryUsage of job (MB)
	1077196  -  ResidentSetSize of job (KB)
...
040 (433494.013.000) 2023-09-13 18:56:26 Started transferring output files
...
040 (433494.013.000) 2023-09-13 18:56:26 Finished transferring output files
...
005 (433494.013.000) 2023-09-13 18:56:26 Job terminated.
	(1) Normal termination (return value 0)
		Usr 0 00:10:06, Sys 0 00:00:21  -  Run Remote Usage
		Usr 0 00:00:00, Sys 0 00:00:00  -  Run Local Usage
		Usr 0 00:10:06, Sys 0 00:00:21  -  Total Remote Usage
		Usr 0 00:00:00, Sys 0 00:00:00  -  Total Local Usage
	346  -  Run Bytes Sent By Job
	217  -  Run Bytes Received By Job
	346  -  Total Bytes Sent By Job
	217  -  Total Bytes Received By Job
	Partitionable Resources :    Usage  Request Allocated 
	   Cpus                 :                 4         4 
	   Disk (KB)            :       12        1    741177 
	   Memory (MB)          :     1052        1       128 

	Job terminated of its own accord at 2023-09-13T16:56:25Z.
...
