000 (433495.020.000) 2023-09-13 18:49:11 Job submitted from host: <172.17.47.42:9618?addrs=172.17.47.42-9618&alias=condorsc1.ciemat.es&noUDP&sock=schedd_1710_7f09>
...
040 (433495.020.000) 2023-09-13 20:26:24 Started transferring input files
	Transferring to host: <172.17.36.207:9618?addrs=172.17.36.207-9618&alias=gaew0207.ciemat.es&noUDP&sock=slot1_5_37946_23c0_1156>
...
040 (433495.020.000) 2023-09-13 20:26:24 Finished transferring input files
...
001 (433495.020.000) 2023-09-13 20:26:25 Job executing on host: <172.17.36.207:9618?addrs=172.17.36.207-9618&alias=gaew0207.ciemat.es&noUDP&sock=startd_2412_0285>
...
006 (433495.020.000) 2023-09-13 20:26:33 Image size of job updated: 129528
	127  -  MemoryUsage of job (MB)
	129528  -  ResidentSetSize of job (KB)
...
006 (433495.020.000) 2023-09-13 20:27:33 Image size of job updated: 4469944
	1157  -  MemoryUsage of job (MB)
	1184600  -  ResidentSetSize of job (KB)
...
006 (433495.020.000) 2023-09-13 20:27:41 Image size of job updated: 4470028
	1157  -  MemoryUsage of job (MB)
	1184600  -  ResidentSetSize of job (KB)
...
040 (433495.020.000) 2023-09-13 20:27:41 Started transferring output files
...
040 (433495.020.000) 2023-09-13 20:27:41 Finished transferring output files
...
005 (433495.020.000) 2023-09-13 20:27:41 Job terminated.
	(1) Normal termination (return value 0)
		Usr 0 00:07:50, Sys 0 00:00:22  -  Run Remote Usage
		Usr 0 00:00:00, Sys 0 00:00:00  -  Run Local Usage
		Usr 0 00:07:50, Sys 0 00:00:22  -  Total Remote Usage
		Usr 0 00:00:00, Sys 0 00:00:00  -  Total Local Usage
	350  -  Run Bytes Sent By Job
	217  -  Run Bytes Received By Job
	350  -  Total Bytes Sent By Job
	217  -  Total Bytes Received By Job
	Partitionable Resources :    Usage  Request Allocated 
	   Cpus                 :                 4         4 
	   Disk (KB)            :       12        1    743149 
	   Memory (MB)          :     1157        1       128 

	Job terminated of its own accord at 2023-09-13T18:27:41Z.
...
