000 (433494.009.000) 2023-09-13 18:49:08 Job submitted from host: <172.17.47.42:9618?addrs=172.17.47.42-9618&alias=condorsc1.ciemat.es&noUDP&sock=schedd_1710_7f09>
...
040 (433494.009.000) 2023-09-13 18:51:54 Started transferring input files
	Transferring to host: <172.17.36.207:9618?addrs=172.17.36.207-9618&alias=gaew0207.ciemat.es&noUDP&sock=slot1_6_37946_23c0_1152>
...
040 (433494.009.000) 2023-09-13 18:51:54 Finished transferring input files
...
001 (433494.009.000) 2023-09-13 18:51:55 Job executing on host: <172.17.36.207:9618?addrs=172.17.36.207-9618&alias=gaew0207.ciemat.es&noUDP&sock=startd_2412_0285>
...
006 (433494.009.000) 2023-09-13 18:52:03 Image size of job updated: 415800
	28  -  MemoryUsage of job (MB)
	28508  -  ResidentSetSize of job (KB)
...
006 (433494.009.000) 2023-09-13 18:53:03 Image size of job updated: 833000
	127  -  MemoryUsage of job (MB)
	129660  -  ResidentSetSize of job (KB)
...
006 (433494.009.000) 2023-09-13 18:54:03 Image size of job updated: 2339152
	761  -  MemoryUsage of job (MB)
	778484  -  ResidentSetSize of job (KB)
...
006 (433494.009.000) 2023-09-13 18:55:04 Image size of job updated: 6896140
	2900  -  MemoryUsage of job (MB)
	2968604  -  ResidentSetSize of job (KB)
...
006 (433494.009.000) 2023-09-13 18:56:05 Image size of job updated: 7704932
	2936  -  MemoryUsage of job (MB)
	3006208  -  ResidentSetSize of job (KB)
...
006 (433494.009.000) 2023-09-13 18:57:06 Image size of job updated: 7704932
	3019  -  MemoryUsage of job (MB)
	3091400  -  ResidentSetSize of job (KB)
...
006 (433494.009.000) 2023-09-13 18:58:07 Image size of job updated: 9217028
	3152  -  MemoryUsage of job (MB)
	3227340  -  ResidentSetSize of job (KB)
...
006 (433494.009.000) 2023-09-13 18:59:08 Image size of job updated: 9217028
	3201  -  MemoryUsage of job (MB)
	3276968  -  ResidentSetSize of job (KB)
...
006 (433494.009.000) 2023-09-13 19:00:09 Image size of job updated: 9217028
	3489  -  MemoryUsage of job (MB)
	3572056  -  ResidentSetSize of job (KB)
...
006 (433494.009.000) 2023-09-13 19:01:11 Image size of job updated: 9217028
	5954  -  MemoryUsage of job (MB)
	6096624  -  ResidentSetSize of job (KB)
...
006 (433494.009.000) 2023-09-13 19:02:11 Image size of job updated: 9355108
	6382  -  MemoryUsage of job (MB)
	6534472  -  ResidentSetSize of job (KB)
...
006 (433494.009.000) 2023-09-13 19:03:11 Image size of job updated: 9404808
	6382  -  MemoryUsage of job (MB)
	6534472  -  ResidentSetSize of job (KB)
...
006 (433494.009.000) 2023-09-13 19:04:11 Image size of job updated: 9404808
	6404  -  MemoryUsage of job (MB)
	6556848  -  ResidentSetSize of job (KB)
...
006 (433494.009.000) 2023-09-13 19:05:11 Image size of job updated: 9404808
	6536  -  MemoryUsage of job (MB)
	6692356  -  ResidentSetSize of job (KB)
...
006 (433494.009.000) 2023-09-13 19:06:11 Image size of job updated: 9404808
	6930  -  MemoryUsage of job (MB)
	7095536  -  ResidentSetSize of job (KB)
...
006 (433494.009.000) 2023-09-13 19:07:11 Image size of job updated: 9426552
	7114  -  MemoryUsage of job (MB)
	7284516  -  ResidentSetSize of job (KB)
...
006 (433494.009.000) 2023-09-13 19:14:16 Image size of job updated: 9426552
	7175  -  MemoryUsage of job (MB)
	7347164  -  ResidentSetSize of job (KB)
...
006 (433494.009.000) 2023-09-13 19:22:19 Image size of job updated: 9723116
	7175  -  MemoryUsage of job (MB)
	7347164  -  ResidentSetSize of job (KB)
...
006 (433494.009.000) 2023-09-13 19:25:20 Image size of job updated: 9876988
	7175  -  MemoryUsage of job (MB)
	7347164  -  ResidentSetSize of job (KB)
...
006 (433494.009.000) 2023-09-13 19:29:24 Image size of job updated: 9969804
	7375  -  MemoryUsage of job (MB)
	7551180  -  ResidentSetSize of job (KB)
...
006 (433494.009.000) 2023-09-13 19:30:25 Image size of job updated: 10413104
	7597  -  MemoryUsage of job (MB)
	7778904  -  ResidentSetSize of job (KB)
...
006 (433494.009.000) 2023-09-13 19:31:27 Image size of job updated: 10413104
	7597  -  MemoryUsage of job (MB)
	7779132  -  ResidentSetSize of job (KB)
...
006 (433494.009.000) 2023-09-13 19:32:27 Image size of job updated: 10413104
	7757  -  MemoryUsage of job (MB)
	7942220  -  ResidentSetSize of job (KB)
...
040 (433494.009.000) 2023-09-13 20:22:55 Started transferring output files
...
040 (433494.009.000) 2023-09-13 20:22:55 Finished transferring output files
...
005 (433494.009.000) 2023-09-13 20:22:56 Job terminated.
	(1) Normal termination (return value 0)
		Usr 0 20:56:54, Sys 0 01:37:24  -  Run Remote Usage
		Usr 0 00:00:00, Sys 0 00:00:00  -  Run Local Usage
		Usr 0 20:56:54, Sys 0 01:37:24  -  Total Remote Usage
		Usr 0 00:00:00, Sys 0 00:00:00  -  Total Local Usage
	8443  -  Run Bytes Sent By Job
	217  -  Run Bytes Received By Job
	8443  -  Total Bytes Sent By Job
	217  -  Total Bytes Received By Job
	Partitionable Resources :    Usage  Request Allocated 
	   Cpus                 :    15.82        4         4 
	   Disk (KB)            :    26           1    743149 
	   Memory (MB)          :  7757           1       128 

	Job terminated of its own accord at 2023-09-13T18:22:55Z.
...
