000 (433495.004.000) 2023-09-13 18:49:11 Job submitted from host: <172.17.47.42:9618?addrs=172.17.47.42-9618&alias=condorsc1.ciemat.es&noUDP&sock=schedd_1710_7f09>
...
040 (433495.004.000) 2023-09-13 19:37:59 Started transferring input files
	Transferring to host: <172.17.36.202:9618?addrs=172.17.36.202-9618&alias=gaew0202.ciemat.es&noUDP&sock=slot1_5_7018_90d6_127>
...
040 (433495.004.000) 2023-09-13 19:37:59 Finished transferring input files
...
001 (433495.004.000) 2023-09-13 19:38:00 Job executing on host: <172.17.36.202:9618?addrs=172.17.36.202-9618&alias=gaew0202.ciemat.es&noUDP&sock=startd_6985_b51d>
...
006 (433495.004.000) 2023-09-13 19:38:09 Image size of job updated: 268988
	140  -  MemoryUsage of job (MB)
	143008  -  ResidentSetSize of job (KB)
...
006 (433495.004.000) 2023-09-13 19:39:10 Image size of job updated: 4425572
	2075  -  MemoryUsage of job (MB)
	2124304  -  ResidentSetSize of job (KB)
...
006 (433495.004.000) 2023-09-13 19:40:11 Image size of job updated: 4535164
	2451  -  MemoryUsage of job (MB)
	2508976  -  ResidentSetSize of job (KB)
...
006 (433495.004.000) 2023-09-13 19:41:12 Image size of job updated: 4601352
	2576  -  MemoryUsage of job (MB)
	2637688  -  ResidentSetSize of job (KB)
...
040 (433495.004.000) 2023-09-13 19:41:56 Started transferring output files
...
040 (433495.004.000) 2023-09-13 19:41:56 Finished transferring output files
...
005 (433495.004.000) 2023-09-13 19:41:56 Job terminated.
	(1) Normal termination (return value 0)
		Usr 0 00:39:16, Sys 0 00:02:03  -  Run Remote Usage
		Usr 0 00:00:00, Sys 0 00:00:00  -  Run Local Usage
		Usr 0 00:39:16, Sys 0 00:02:03  -  Total Remote Usage
		Usr 0 00:00:00, Sys 0 00:00:00  -  Total Local Usage
	350  -  Run Bytes Sent By Job
	217  -  Run Bytes Received By Job
	350  -  Total Bytes Sent By Job
	217  -  Total Bytes Received By Job
	Partitionable Resources :    Usage  Request Allocated 
	   Cpus                 :                 4         4 
	   Disk (KB)            :       12        1    740162 
	   Memory (MB)          :     2576        1       128 

	Job terminated of its own accord at 2023-09-13T17:41:56Z.
...
