000 (433494.022.000) 2023-09-13 18:49:08 Job submitted from host: <172.17.47.42:9618?addrs=172.17.47.42-9618&alias=condorsc1.ciemat.es&noUDP&sock=schedd_1710_7f09>
...
040 (433494.022.000) 2023-09-13 19:04:51 Started transferring input files
	Transferring to host: <172.17.36.206:9618?addrs=172.17.36.206-9618&alias=gaew0206.ciemat.es&noUDP&sock=slot1_5_3704_8d90_1184>
...
040 (433494.022.000) 2023-09-13 19:04:51 Finished transferring input files
...
001 (433494.022.000) 2023-09-13 19:04:52 Job executing on host: <172.17.36.206:9618?addrs=172.17.36.206-9618&alias=gaew0206.ciemat.es&noUDP&sock=startd_2602_5584>
...
006 (433494.022.000) 2023-09-13 19:05:01 Image size of job updated: 833000
	127  -  MemoryUsage of job (MB)
	129452  -  ResidentSetSize of job (KB)
...
006 (433494.022.000) 2023-09-13 19:06:02 Image size of job updated: 4465436
	1117  -  MemoryUsage of job (MB)
	1143480  -  ResidentSetSize of job (KB)
...
006 (433494.022.000) 2023-09-13 19:07:03 Image size of job updated: 4465812
	1157  -  MemoryUsage of job (MB)
	1184292  -  ResidentSetSize of job (KB)
...
006 (433494.022.000) 2023-09-13 19:07:58 Image size of job updated: 4465896
	1157  -  MemoryUsage of job (MB)
	1184292  -  ResidentSetSize of job (KB)
...
040 (433494.022.000) 2023-09-13 19:07:58 Started transferring output files
...
040 (433494.022.000) 2023-09-13 19:07:58 Finished transferring output files
...
005 (433494.022.000) 2023-09-13 19:07:59 Job terminated.
	(1) Normal termination (return value 0)
		Usr 0 00:25:28, Sys 0 00:00:40  -  Run Remote Usage
		Usr 0 00:00:00, Sys 0 00:00:00  -  Run Local Usage
		Usr 0 00:25:28, Sys 0 00:00:40  -  Total Remote Usage
		Usr 0 00:00:00, Sys 0 00:00:00  -  Total Local Usage
	346  -  Run Bytes Sent By Job
	217  -  Run Bytes Received By Job
	346  -  Total Bytes Sent By Job
	217  -  Total Bytes Received By Job
	Partitionable Resources :    Usage  Request Allocated 
	   Cpus                 :                 4         4 
	   Disk (KB)            :       12        1    742038 
	   Memory (MB)          :     1157        1       128 

	Job terminated of its own accord at 2023-09-13T17:07:58Z.
...
