000 (433494.017.000) 2023-09-13 18:49:08 Job submitted from host: <172.17.47.42:9618?addrs=172.17.47.42-9618&alias=condorsc1.ciemat.es&noUDP&sock=schedd_1710_7f09>
...
040 (433494.017.000) 2023-09-13 18:59:45 Started transferring input files
	Transferring to host: <172.17.36.205:9618?addrs=172.17.36.205-9618&alias=gaew0205.ciemat.es&noUDP&sock=slot1_5_18807_fb96_890>
...
040 (433494.017.000) 2023-09-13 18:59:45 Finished transferring input files
...
001 (433494.017.000) 2023-09-13 18:59:46 Job executing on host: <172.17.36.205:9618?addrs=172.17.36.205-9618&alias=gaew0205.ciemat.es&noUDP&sock=startd_2633_98f3>
...
006 (433494.017.000) 2023-09-13 18:59:54 Image size of job updated: 429852
	56  -  MemoryUsage of job (MB)
	57264  -  ResidentSetSize of job (KB)
...
006 (433494.017.000) 2023-09-13 19:00:54 Image size of job updated: 1142348
	375  -  MemoryUsage of job (MB)
	383596  -  ResidentSetSize of job (KB)
...
006 (433494.017.000) 2023-09-13 19:01:55 Image size of job updated: 4615776
	2440  -  MemoryUsage of job (MB)
	2497572  -  ResidentSetSize of job (KB)
...
006 (433494.017.000) 2023-09-13 19:02:56 Image size of job updated: 4615776
	2494  -  MemoryUsage of job (MB)
	2553616  -  ResidentSetSize of job (KB)
...
040 (433494.017.000) 2023-09-13 19:03:33 Started transferring output files
...
040 (433494.017.000) 2023-09-13 19:03:33 Finished transferring output files
...
005 (433494.017.000) 2023-09-13 19:03:33 Job terminated.
	(1) Normal termination (return value 0)
		Usr 0 00:38:19, Sys 0 00:01:15  -  Run Remote Usage
		Usr 0 00:00:00, Sys 0 00:00:00  -  Run Local Usage
		Usr 0 00:38:19, Sys 0 00:01:15  -  Total Remote Usage
		Usr 0 00:00:00, Sys 0 00:00:00  -  Total Local Usage
	346  -  Run Bytes Sent By Job
	217  -  Run Bytes Received By Job
	346  -  Total Bytes Sent By Job
	217  -  Total Bytes Received By Job
	Partitionable Resources :    Usage  Request Allocated 
	   Cpus                 :     8.29        4         4 
	   Disk (KB)            :    18           1    743597 
	   Memory (MB)          :  2494           1       128 

	Job terminated of its own accord at 2023-09-13T17:03:33Z.
...
