000 (433494.023.000) 2023-09-13 18:49:08 Job submitted from host: <172.17.47.42:9618?addrs=172.17.47.42-9618&alias=condorsc1.ciemat.es&noUDP&sock=schedd_1710_7f09>
...
040 (433494.023.000) 2023-09-13 19:06:21 Started transferring input files
	Transferring to host: <172.17.36.205:9618?addrs=172.17.36.205-9618&alias=gaew0205.ciemat.es&noUDP&sock=slot1_5_18807_fb96_891>
...
040 (433494.023.000) 2023-09-13 19:06:21 Finished transferring input files
...
001 (433494.023.000) 2023-09-13 19:06:22 Job executing on host: <172.17.36.205:9618?addrs=172.17.36.205-9618&alias=gaew0205.ciemat.es&noUDP&sock=startd_2633_98f3>
...
006 (433494.023.000) 2023-09-13 19:06:31 Image size of job updated: 129448
	127  -  MemoryUsage of job (MB)
	129448  -  ResidentSetSize of job (KB)
...
006 (433494.023.000) 2023-09-13 19:07:32 Image size of job updated: 4469504
	1148  -  MemoryUsage of job (MB)
	1174560  -  ResidentSetSize of job (KB)
...
006 (433494.023.000) 2023-09-13 19:08:15 Image size of job updated: 4469624
	1148  -  MemoryUsage of job (MB)
	1174560  -  ResidentSetSize of job (KB)
...
040 (433494.023.000) 2023-09-13 19:08:15 Started transferring output files
...
040 (433494.023.000) 2023-09-13 19:08:15 Finished transferring output files
...
005 (433494.023.000) 2023-09-13 19:08:15 Job terminated.
	(1) Normal termination (return value 0)
		Usr 0 00:16:57, Sys 0 00:00:42  -  Run Remote Usage
		Usr 0 00:00:00, Sys 0 00:00:00  -  Run Local Usage
		Usr 0 00:16:57, Sys 0 00:00:42  -  Total Remote Usage
		Usr 0 00:00:00, Sys 0 00:00:00  -  Total Local Usage
	346  -  Run Bytes Sent By Job
	217  -  Run Bytes Received By Job
	346  -  Total Bytes Sent By Job
	217  -  Total Bytes Received By Job
	Partitionable Resources :    Usage  Request Allocated 
	   Cpus                 :                 4         4 
	   Disk (KB)            :       12        1    743597 
	   Memory (MB)          :     1148        1       128 

	Job terminated of its own accord at 2023-09-13T17:08:15Z.
...
