000 (433494.018.000) 2023-09-13 18:49:08 Job submitted from host: <172.17.47.42:9618?addrs=172.17.47.42-9618&alias=condorsc1.ciemat.es&noUDP&sock=schedd_1710_7f09>
...
040 (433494.018.000) 2023-09-13 18:59:45 Started transferring input files
	Transferring to host: <172.17.36.203:9618?addrs=172.17.36.203-9618&alias=gaew0203.ciemat.es&noUDP&sock=slot1_5_3849_b7f6_1436>
...
040 (433494.018.000) 2023-09-13 18:59:45 Finished transferring input files
...
001 (433494.018.000) 2023-09-13 18:59:46 Job executing on host: <172.17.36.203:9618?addrs=172.17.36.203-9618&alias=gaew0203.ciemat.es&noUDP&sock=startd_2728_c273>
...
006 (433494.018.000) 2023-09-13 18:59:55 Image size of job updated: 129508
	127  -  MemoryUsage of job (MB)
	129508  -  ResidentSetSize of job (KB)
...
006 (433494.018.000) 2023-09-13 19:00:56 Image size of job updated: 2202724
	823  -  MemoryUsage of job (MB)
	842648  -  ResidentSetSize of job (KB)
...
006 (433494.018.000) 2023-09-13 19:01:57 Image size of job updated: 6853664
	2908  -  MemoryUsage of job (MB)
	2977624  -  ResidentSetSize of job (KB)
...
006 (433494.018.000) 2023-09-13 19:02:58 Image size of job updated: 6853664
	2945  -  MemoryUsage of job (MB)
	3014916  -  ResidentSetSize of job (KB)
...
006 (433494.018.000) 2023-09-13 19:03:59 Image size of job updated: 7431600
	3173  -  MemoryUsage of job (MB)
	3248604  -  ResidentSetSize of job (KB)
...
006 (433494.018.000) 2023-09-13 19:05:00 Image size of job updated: 8356164
	4763  -  MemoryUsage of job (MB)
	4877028  -  ResidentSetSize of job (KB)
...
006 (433494.018.000) 2023-09-13 19:06:01 Image size of job updated: 8664736
	5374  -  MemoryUsage of job (MB)
	5502516  -  ResidentSetSize of job (KB)
...
006 (433494.018.000) 2023-09-13 19:07:02 Image size of job updated: 8922196
	5794  -  MemoryUsage of job (MB)
	5932108  -  ResidentSetSize of job (KB)
...
006 (433494.018.000) 2023-09-13 19:08:02 Image size of job updated: 9192960
	6066  -  MemoryUsage of job (MB)
	6211048  -  ResidentSetSize of job (KB)
...
006 (433494.018.000) 2023-09-13 19:09:02 Image size of job updated: 9192960
	6243  -  MemoryUsage of job (MB)
	6392032  -  ResidentSetSize of job (KB)
...
006 (433494.018.000) 2023-09-13 19:10:02 Image size of job updated: 9369208
	6655  -  MemoryUsage of job (MB)
	6813896  -  ResidentSetSize of job (KB)
...
006 (433494.018.000) 2023-09-13 19:12:02 Image size of job updated: 9369208
	6887  -  MemoryUsage of job (MB)
	7051448  -  ResidentSetSize of job (KB)
...
006 (433494.018.000) 2023-09-13 19:22:09 Image size of job updated: 9511920
	6887  -  MemoryUsage of job (MB)
	7051448  -  ResidentSetSize of job (KB)
...
006 (433494.018.000) 2023-09-13 19:23:09 Image size of job updated: 9755332
	6936  -  MemoryUsage of job (MB)
	7101768  -  ResidentSetSize of job (KB)
...
006 (433494.018.000) 2023-09-13 19:24:09 Image size of job updated: 9944620
	6936  -  MemoryUsage of job (MB)
	7101768  -  ResidentSetSize of job (KB)
...
040 (433494.018.000) 2023-09-13 19:44:17 Started transferring output files
...
040 (433494.018.000) 2023-09-13 19:44:17 Finished transferring output files
...
005 (433494.018.000) 2023-09-13 19:44:24 Job terminated.
	(1) Normal termination (return value 0)
		Usr 0 09:52:51, Sys 0 00:23:59  -  Run Remote Usage
		Usr 0 00:00:00, Sys 0 00:00:00  -  Run Local Usage
		Usr 0 09:52:51, Sys 0 00:23:59  -  Total Remote Usage
		Usr 0 00:00:00, Sys 0 00:00:00  -  Total Local Usage
	8681  -  Run Bytes Sent By Job
	217  -  Run Bytes Received By Job
	8681  -  Total Bytes Sent By Job
	217  -  Total Bytes Received By Job
	Partitionable Resources :    Usage  Request Allocated 
	   Cpus                 :    15.65        4         4 
	   Disk (KB)            :    26           1    741177 
	   Memory (MB)          :  6936           1       128 

	Job terminated of its own accord at 2023-09-13T17:44:16Z.
...
