000 (433495.017.000) 2023-09-13 18:49:11 Job submitted from host: <172.17.47.42:9618?addrs=172.17.47.42-9618&alias=condorsc1.ciemat.es&noUDP&sock=schedd_1710_7f09>
...
040 (433495.017.000) 2023-09-13 20:06:48 Started transferring input files
	Transferring to host: <172.17.36.205:9618?addrs=172.17.36.205-9618&alias=gaew0205.ciemat.es&noUDP&sock=slot1_5_18807_fb96_898>
...
040 (433495.017.000) 2023-09-13 20:06:48 Finished transferring input files
...
001 (433495.017.000) 2023-09-13 20:06:49 Job executing on host: <172.17.36.205:9618?addrs=172.17.36.205-9618&alias=gaew0205.ciemat.es&noUDP&sock=startd_2633_98f3>
...
006 (433495.017.000) 2023-09-13 20:06:57 Image size of job updated: 833132
	127  -  MemoryUsage of job (MB)
	129548  -  ResidentSetSize of job (KB)
...
006 (433495.017.000) 2023-09-13 20:07:57 Image size of job updated: 833132
	127  -  MemoryUsage of job (MB)
	129680  -  ResidentSetSize of job (KB)
...
006 (433495.017.000) 2023-09-13 20:08:57 Image size of job updated: 4502180
	2356  -  MemoryUsage of job (MB)
	2411920  -  ResidentSetSize of job (KB)
...
006 (433495.017.000) 2023-09-13 20:09:57 Image size of job updated: 4553640
	2472  -  MemoryUsage of job (MB)
	2530816  -  ResidentSetSize of job (KB)
...
006 (433495.017.000) 2023-09-13 20:10:57 Image size of job updated: 4561392
	2516  -  MemoryUsage of job (MB)
	2575956  -  ResidentSetSize of job (KB)
...
006 (433495.017.000) 2023-09-13 20:11:40 Image size of job updated: 4583140
	2516  -  MemoryUsage of job (MB)
	2575956  -  ResidentSetSize of job (KB)
...
040 (433495.017.000) 2023-09-13 20:11:40 Started transferring output files
...
040 (433495.017.000) 2023-09-13 20:11:40 Finished transferring output files
...
005 (433495.017.000) 2023-09-13 20:11:42 Job terminated.
	(1) Normal termination (return value 0)
		Usr 0 00:37:42, Sys 0 00:01:06  -  Run Remote Usage
		Usr 0 00:00:00, Sys 0 00:00:00  -  Run Local Usage
		Usr 0 00:37:42, Sys 0 00:01:06  -  Total Remote Usage
		Usr 0 00:00:00, Sys 0 00:00:00  -  Total Local Usage
	346  -  Run Bytes Sent By Job
	217  -  Run Bytes Received By Job
	346  -  Total Bytes Sent By Job
	217  -  Total Bytes Received By Job
	Partitionable Resources :    Usage  Request Allocated 
	   Cpus                 :    15.95        4         4 
	   Disk (KB)            :    18           1    743597 
	   Memory (MB)          :  2516           1       128 

	Job terminated of its own accord at 2023-09-13T18:11:40Z.
...
