000 (433494.008.000) 2023-09-13 18:49:08 Job submitted from host: <172.17.47.42:9618?addrs=172.17.47.42-9618&alias=condorsc1.ciemat.es&noUDP&sock=schedd_1710_7f09>
...
040 (433494.008.000) 2023-09-13 18:51:24 Started transferring input files
	Transferring to host: <172.17.36.200:9618?addrs=172.17.36.200-9618&alias=gaew0200.ciemat.es&noUDP&sock=slot1_5_3729_2af1_1133>
...
040 (433494.008.000) 2023-09-13 18:51:24 Finished transferring input files
...
001 (433494.008.000) 2023-09-13 18:51:25 Job executing on host: <172.17.36.200:9618?addrs=172.17.36.200-9618&alias=gaew0200.ciemat.es&noUDP&sock=startd_2654_0071>
...
006 (433494.008.000) 2023-09-13 18:51:34 Image size of job updated: 833132
	127  -  MemoryUsage of job (MB)
	129548  -  ResidentSetSize of job (KB)
...
006 (433494.008.000) 2023-09-13 18:52:35 Image size of job updated: 4535664
	1180  -  MemoryUsage of job (MB)
	1207420  -  ResidentSetSize of job (KB)
...
040 (433494.008.000) 2023-09-13 18:52:43 Started transferring output files
...
040 (433494.008.000) 2023-09-13 18:52:43 Finished transferring output files
...
005 (433494.008.000) 2023-09-13 18:52:43 Job terminated.
	(1) Normal termination (return value 0)
		Usr 0 00:07:53, Sys 0 00:00:23  -  Run Remote Usage
		Usr 0 00:00:00, Sys 0 00:00:00  -  Run Local Usage
		Usr 0 00:07:53, Sys 0 00:00:23  -  Total Remote Usage
		Usr 0 00:00:00, Sys 0 00:00:00  -  Total Local Usage
	352  -  Run Bytes Sent By Job
	217  -  Run Bytes Received By Job
	352  -  Total Bytes Sent By Job
	217  -  Total Bytes Received By Job
	Partitionable Resources :    Usage  Request Allocated 
	   Cpus                 :                 4         4 
	   Disk (KB)            :       12        1    740042 
	   Memory (MB)          :     1180        1       128 

	Job terminated of its own accord at 2023-09-13T16:52:43Z.
...
