000 (433495.005.000) 2023-09-13 18:49:11 Job submitted from host: <172.17.47.42:9618?addrs=172.17.47.42-9618&alias=condorsc1.ciemat.es&noUDP&sock=schedd_1710_7f09>
...
040 (433495.005.000) 2023-09-13 19:43:03 Started transferring input files
	Transferring to host: <172.17.36.202:9618?addrs=172.17.36.202-9618&alias=gaew0202.ciemat.es&noUDP&sock=slot1_5_7018_90d6_128>
...
040 (433495.005.000) 2023-09-13 19:43:03 Finished transferring input files
...
001 (433495.005.000) 2023-09-13 19:43:04 Job executing on host: <172.17.36.202:9618?addrs=172.17.36.202-9618&alias=gaew0202.ciemat.es&noUDP&sock=startd_6985_b51d>
...
006 (433495.005.000) 2023-09-13 19:43:13 Image size of job updated: 268816
	140  -  MemoryUsage of job (MB)
	142836  -  ResidentSetSize of job (KB)
...
006 (433495.005.000) 2023-09-13 19:44:14 Image size of job updated: 1520808
	1315  -  MemoryUsage of job (MB)
	1346060  -  ResidentSetSize of job (KB)
...
006 (433495.005.000) 2023-09-13 19:45:15 Image size of job updated: 4542652
	2410  -  MemoryUsage of job (MB)
	2466876  -  ResidentSetSize of job (KB)
...
006 (433495.005.000) 2023-09-13 19:46:15 Image size of job updated: 4542652
	2459  -  MemoryUsage of job (MB)
	2517572  -  ResidentSetSize of job (KB)
...
040 (433495.005.000) 2023-09-13 19:47:08 Started transferring output files
...
040 (433495.005.000) 2023-09-13 19:47:08 Finished transferring output files
...
005 (433495.005.000) 2023-09-13 19:47:08 Job terminated.
	(1) Normal termination (return value 0)
		Usr 0 00:38:58, Sys 0 00:01:14  -  Run Remote Usage
		Usr 0 00:00:00, Sys 0 00:00:00  -  Run Local Usage
		Usr 0 00:38:58, Sys 0 00:01:14  -  Total Remote Usage
		Usr 0 00:00:00, Sys 0 00:00:00  -  Total Local Usage
	350  -  Run Bytes Sent By Job
	217  -  Run Bytes Received By Job
	350  -  Total Bytes Sent By Job
	217  -  Total Bytes Received By Job
	Partitionable Resources :    Usage  Request Allocated 
	   Cpus                 :                 4         4 
	   Disk (KB)            :       12        1    740162 
	   Memory (MB)          :     2459        1       128 

	Job terminated of its own accord at 2023-09-13T17:47:08Z.
...
