000 (433494.015.000) 2023-09-13 18:49:08 Job submitted from host: <172.17.47.42:9618?addrs=172.17.47.42-9618&alias=condorsc1.ciemat.es&noUDP&sock=schedd_1710_7f09>
...
040 (433494.015.000) 2023-09-13 18:57:33 Started transferring input files
	Transferring to host: <172.17.36.209:9618?addrs=172.17.36.209-9618&alias=gaew0209.ciemat.es&noUDP&sock=slot1_5_18348_9363_574>
...
040 (433494.015.000) 2023-09-13 18:57:33 Finished transferring input files
...
001 (433494.015.000) 2023-09-13 18:57:34 Job executing on host: <172.17.36.209:9618?addrs=172.17.36.209-9618&alias=gaew0209.ciemat.es&noUDP&sock=startd_2685_43e0>
...
006 (433494.015.000) 2023-09-13 18:57:43 Image size of job updated: 129636
	127  -  MemoryUsage of job (MB)
	129636  -  ResidentSetSize of job (KB)
...
006 (433494.015.000) 2023-09-13 18:58:44 Image size of job updated: 833396
	430  -  MemoryUsage of job (MB)
	440256  -  ResidentSetSize of job (KB)
...
006 (433494.015.000) 2023-09-13 18:59:45 Image size of job updated: 2755992
	2692  -  MemoryUsage of job (MB)
	2755956  -  ResidentSetSize of job (KB)
...
006 (433494.015.000) 2023-09-13 19:00:46 Image size of job updated: 7518328
	4166  -  MemoryUsage of job (MB)
	4265660  -  ResidentSetSize of job (KB)
...
006 (433494.015.000) 2023-09-13 19:01:47 Image size of job updated: 7518328
	4247  -  MemoryUsage of job (MB)
	4348864  -  ResidentSetSize of job (KB)
...
006 (433494.015.000) 2023-09-13 19:02:48 Image size of job updated: 7518328
	4259  -  MemoryUsage of job (MB)
	4361068  -  ResidentSetSize of job (KB)
...
006 (433494.015.000) 2023-09-13 19:03:48 Image size of job updated: 7518328
	4259  -  MemoryUsage of job (MB)
	4361072  -  ResidentSetSize of job (KB)
...
006 (433494.015.000) 2023-09-13 19:04:48 Image size of job updated: 7518328
	4266  -  MemoryUsage of job (MB)
	4367772  -  ResidentSetSize of job (KB)
...
006 (433494.015.000) 2023-09-13 19:06:48 Image size of job updated: 7518328
	4401  -  MemoryUsage of job (MB)
	4505772  -  ResidentSetSize of job (KB)
...
006 (433494.015.000) 2023-09-13 19:07:48 Image size of job updated: 7620104
	4518  -  MemoryUsage of job (MB)
	4625776  -  ResidentSetSize of job (KB)
...
006 (433494.015.000) 2023-09-13 19:09:48 Image size of job updated: 7620104
	5059  -  MemoryUsage of job (MB)
	5179780  -  ResidentSetSize of job (KB)
...
006 (433494.015.000) 2023-09-13 19:10:48 Image size of job updated: 7620104
	5062  -  MemoryUsage of job (MB)
	5182900  -  ResidentSetSize of job (KB)
...
006 (433494.015.000) 2023-09-13 19:11:49 Image size of job updated: 7620104
	5073  -  MemoryUsage of job (MB)
	5193780  -  ResidentSetSize of job (KB)
...
006 (433494.015.000) 2023-09-13 19:12:50 Image size of job updated: 7649400
	5113  -  MemoryUsage of job (MB)
	5235280  -  ResidentSetSize of job (KB)
...
006 (433494.015.000) 2023-09-13 19:13:51 Image size of job updated: 7649400
	5124  -  MemoryUsage of job (MB)
	5246296  -  ResidentSetSize of job (KB)
...
006 (433494.015.000) 2023-09-13 19:14:52 Image size of job updated: 7649400
	5137  -  MemoryUsage of job (MB)
	5259396  -  ResidentSetSize of job (KB)
...
006 (433494.015.000) 2023-09-13 19:15:53 Image size of job updated: 7649400
	5140  -  MemoryUsage of job (MB)
	5262436  -  ResidentSetSize of job (KB)
...
006 (433494.015.000) 2023-09-13 19:18:55 Image size of job updated: 7649400
	5141  -  MemoryUsage of job (MB)
	5264004  -  ResidentSetSize of job (KB)
...
006 (433494.015.000) 2023-09-13 19:19:55 Image size of job updated: 7649400
	5142  -  MemoryUsage of job (MB)
	5265164  -  ResidentSetSize of job (KB)
...
006 (433494.015.000) 2023-09-13 19:20:55 Image size of job updated: 7649400
	5143  -  MemoryUsage of job (MB)
	5265484  -  ResidentSetSize of job (KB)
...
006 (433494.015.000) 2023-09-13 19:22:55 Image size of job updated: 7649400
	5143  -  MemoryUsage of job (MB)
	5266208  -  ResidentSetSize of job (KB)
...
006 (433494.015.000) 2023-09-13 19:23:55 Image size of job updated: 7649400
	5146  -  MemoryUsage of job (MB)
	5268696  -  ResidentSetSize of job (KB)
...
006 (433494.015.000) 2023-09-13 19:26:58 Image size of job updated: 7649400
	5148  -  MemoryUsage of job (MB)
	5270572  -  ResidentSetSize of job (KB)
...
006 (433494.015.000) 2023-09-13 19:27:59 Image size of job updated: 7649400
	5148  -  MemoryUsage of job (MB)
	5271360  -  ResidentSetSize of job (KB)
...
006 (433494.015.000) 2023-09-13 19:30:01 Image size of job updated: 7649400
	5149  -  MemoryUsage of job (MB)
	5271944  -  ResidentSetSize of job (KB)
...
006 (433494.015.000) 2023-09-13 19:34:03 Image size of job updated: 7649400
	5168  -  MemoryUsage of job (MB)
	5291604  -  ResidentSetSize of job (KB)
...
006 (433494.015.000) 2023-09-13 19:35:03 Image size of job updated: 7649400
	5168  -  MemoryUsage of job (MB)
	5291856  -  ResidentSetSize of job (KB)
...
006 (433494.015.000) 2023-09-13 19:42:06 Image size of job updated: 7658068
	5168  -  MemoryUsage of job (MB)
	5291856  -  ResidentSetSize of job (KB)
...
006 (433494.015.000) 2023-09-13 19:46:10 Image size of job updated: 7694084
	5168  -  MemoryUsage of job (MB)
	5291856  -  ResidentSetSize of job (KB)
...
006 (433494.015.000) 2023-09-13 20:01:17 Image size of job updated: 7697596
	5168  -  MemoryUsage of job (MB)
	5291856  -  ResidentSetSize of job (KB)
...
006 (433494.015.000) 2023-09-13 20:02:18 Image size of job updated: 7763140
	5168  -  MemoryUsage of job (MB)
	5291856  -  ResidentSetSize of job (KB)
...
006 (433494.015.000) 2023-09-13 20:05:18 Image size of job updated: 8025372
	5168  -  MemoryUsage of job (MB)
	5291856  -  ResidentSetSize of job (KB)
...
006 (433494.015.000) 2023-09-13 20:06:18 Image size of job updated: 8025372
	5172  -  MemoryUsage of job (MB)
	5295560  -  ResidentSetSize of job (KB)
...
006 (433494.015.000) 2023-09-13 20:07:18 Image size of job updated: 8025372
	5177  -  MemoryUsage of job (MB)
	5300304  -  ResidentSetSize of job (KB)
...
006 (433494.015.000) 2023-09-13 20:09:18 Image size of job updated: 8025372
	5179  -  MemoryUsage of job (MB)
	5302448  -  ResidentSetSize of job (KB)
...
006 (433494.015.000) 2023-09-13 20:10:19 Image size of job updated: 8025372
	5180  -  MemoryUsage of job (MB)
	5303460  -  ResidentSetSize of job (KB)
...
006 (433494.015.000) 2023-09-13 20:11:20 Image size of job updated: 8025372
	5180  -  MemoryUsage of job (MB)
	5304164  -  ResidentSetSize of job (KB)
...
006 (433494.015.000) 2023-09-13 20:12:21 Image size of job updated: 8025372
	5185  -  MemoryUsage of job (MB)
	5308780  -  ResidentSetSize of job (KB)
...
006 (433494.015.000) 2023-09-13 20:21:26 Image size of job updated: 8025372
	5208  -  MemoryUsage of job (MB)
	5332400  -  ResidentSetSize of job (KB)
...
006 (433494.015.000) 2023-09-13 20:30:32 Image size of job updated: 8025372
	5208  -  MemoryUsage of job (MB)
	5332680  -  ResidentSetSize of job (KB)
...
006 (433494.015.000) 2023-09-13 20:38:34 Image size of job updated: 8025372
	5209  -  MemoryUsage of job (MB)
	5333068  -  ResidentSetSize of job (KB)
...
006 (433494.015.000) 2023-09-13 20:42:37 Image size of job updated: 8025372
	5209  -  MemoryUsage of job (MB)
	5333188  -  ResidentSetSize of job (KB)
...
006 (433494.015.000) 2023-09-13 20:43:38 Image size of job updated: 8025372
	5209  -  MemoryUsage of job (MB)
	5333508  -  ResidentSetSize of job (KB)
...
006 (433494.015.000) 2023-09-13 20:44:39 Image size of job updated: 8025372
	5209  -  MemoryUsage of job (MB)
	5333516  -  ResidentSetSize of job (KB)
...
006 (433494.015.000) 2023-09-13 20:47:41 Image size of job updated: 8025372
	5210  -  MemoryUsage of job (MB)
	5334552  -  ResidentSetSize of job (KB)
...
006 (433494.015.000) 2023-09-13 20:48:41 Image size of job updated: 8025372
	5210  -  MemoryUsage of job (MB)
	5334664  -  ResidentSetSize of job (KB)
...
006 (433494.015.000) 2023-09-13 20:49:41 Image size of job updated: 8025372
	5210  -  MemoryUsage of job (MB)
	5334768  -  ResidentSetSize of job (KB)
...
006 (433494.015.000) 2023-09-13 20:51:41 Image size of job updated: 8025372
	5211  -  MemoryUsage of job (MB)
	5335244  -  ResidentSetSize of job (KB)
...
006 (433494.015.000) 2023-09-13 20:52:41 Image size of job updated: 8025372
	5211  -  MemoryUsage of job (MB)
	5335308  -  ResidentSetSize of job (KB)
...
006 (433494.015.000) 2023-09-13 20:53:41 Image size of job updated: 8025372
	5212  -  MemoryUsage of job (MB)
	5336428  -  ResidentSetSize of job (KB)
...
006 (433494.015.000) 2023-09-13 20:58:46 Image size of job updated: 8025372
	5214  -  MemoryUsage of job (MB)
	5338292  -  ResidentSetSize of job (KB)
...
006 (433494.015.000) 2023-09-13 20:59:47 Image size of job updated: 8025372
	5214  -  MemoryUsage of job (MB)
	5338968  -  ResidentSetSize of job (KB)
...
006 (433494.015.000) 2023-09-13 21:19:55 Image size of job updated: 8025372
	5216  -  MemoryUsage of job (MB)
	5340244  -  ResidentSetSize of job (KB)
...
006 (433494.015.000) 2023-09-13 21:34:03 Image size of job updated: 8025372
	5216  -  MemoryUsage of job (MB)
	5340656  -  ResidentSetSize of job (KB)
...
006 (433494.015.000) 2023-09-13 21:36:03 Image size of job updated: 8025372
	5216  -  MemoryUsage of job (MB)
	5340828  -  ResidentSetSize of job (KB)
...
006 (433494.015.000) 2023-09-13 21:37:03 Image size of job updated: 8025372
	5216  -  MemoryUsage of job (MB)
	5341040  -  ResidentSetSize of job (KB)
...
006 (433494.015.000) 2023-09-13 21:38:03 Image size of job updated: 8025372
	5217  -  MemoryUsage of job (MB)
	5341388  -  ResidentSetSize of job (KB)
...
006 (433494.015.000) 2023-09-13 21:40:04 Image size of job updated: 8025372
	5217  -  MemoryUsage of job (MB)
	5341980  -  ResidentSetSize of job (KB)
...
006 (433494.015.000) 2023-09-13 21:41:05 Image size of job updated: 8025372
	5217  -  MemoryUsage of job (MB)
	5341984  -  ResidentSetSize of job (KB)
...
006 (433494.015.000) 2023-09-13 21:47:10 Image size of job updated: 8025372
	5239  -  MemoryUsage of job (MB)
	5364560  -  ResidentSetSize of job (KB)
...
040 (433494.015.000) 2023-09-13 22:16:26 Started transferring output files
...
040 (433494.015.000) 2023-09-13 22:16:26 Finished transferring output files
...
005 (433494.015.000) 2023-09-13 22:16:26 Job terminated.
	(1) Normal termination (return value 0)
		Usr 1 05:28:41, Sys 0 03:34:02  -  Run Remote Usage
		Usr 0 00:00:00, Sys 0 00:00:00  -  Run Local Usage
		Usr 1 05:28:41, Sys 0 03:34:02  -  Total Remote Usage
		Usr 0 00:00:00, Sys 0 00:00:00  -  Total Local Usage
	8596  -  Run Bytes Sent By Job
	217  -  Run Bytes Received By Job
	8596  -  Total Bytes Sent By Job
	217  -  Total Bytes Received By Job
	Partitionable Resources :    Usage  Request Allocated 
	   Cpus                 :    20.51        4         4 
	   Disk (KB)            :    26           1    745371 
	   Memory (MB)          :  5239           1       128 

	Job terminated of its own accord at 2023-09-13T20:16:26Z.
...
