000 (433495.002.000) 2023-09-13 18:49:11 Job submitted from host: <172.17.47.42:9618?addrs=172.17.47.42-9618&alias=condorsc1.ciemat.es&noUDP&sock=schedd_1710_7f09>
...
040 (433495.002.000) 2023-09-13 19:14:44 Started transferring input files
	Transferring to host: <172.17.36.206:9618?addrs=172.17.36.206-9618&alias=gaew0206.ciemat.es&noUDP&sock=slot1_5_3704_8d90_1188>
...
040 (433495.002.000) 2023-09-13 19:14:44 Finished transferring input files
...
001 (433495.002.000) 2023-09-13 19:14:45 Job executing on host: <172.17.36.206:9618?addrs=172.17.36.206-9618&alias=gaew0206.ciemat.es&noUDP&sock=startd_2602_5584>
...
006 (433495.002.000) 2023-09-13 19:14:55 Image size of job updated: 829784
	127  -  MemoryUsage of job (MB)
	129156  -  ResidentSetSize of job (KB)
...
006 (433495.002.000) 2023-09-13 19:15:55 Image size of job updated: 4505532
	937  -  MemoryUsage of job (MB)
	958924  -  ResidentSetSize of job (KB)
...
040 (433495.002.000) 2023-09-13 19:16:41 Started transferring output files
...
040 (433495.002.000) 2023-09-13 19:16:41 Finished transferring output files
...
005 (433495.002.000) 2023-09-13 19:16:41 Job terminated.
	(1) Normal termination (return value 0)
		Usr 0 00:12:23, Sys 0 00:00:13  -  Run Remote Usage
		Usr 0 00:00:00, Sys 0 00:00:00  -  Run Local Usage
		Usr 0 00:12:23, Sys 0 00:00:13  -  Total Remote Usage
		Usr 0 00:00:00, Sys 0 00:00:00  -  Total Local Usage
	348  -  Run Bytes Sent By Job
	217  -  Run Bytes Received By Job
	348  -  Total Bytes Sent By Job
	217  -  Total Bytes Received By Job
	Partitionable Resources :    Usage  Request Allocated 
	   Cpus                 :                 4         4 
	   Disk (KB)            :       12        1    742038 
	   Memory (MB)          :      937        1       128 

	Job terminated of its own accord at 2023-09-13T17:16:40Z.
...
