000 (433495.009.000) 2023-09-13 18:49:11 Job submitted from host: <172.17.47.42:9618?addrs=172.17.47.42-9618&alias=condorsc1.ciemat.es&noUDP&sock=schedd_1710_7f09>
...
040 (433495.009.000) 2023-09-13 19:48:00 Started transferring input files
	Transferring to host: <172.17.36.203:9618?addrs=172.17.36.203-9618&alias=gaew0203.ciemat.es&noUDP&sock=slot1_5_3849_b7f6_1439>
...
040 (433495.009.000) 2023-09-13 19:48:00 Finished transferring input files
...
001 (433495.009.000) 2023-09-13 19:48:01 Job executing on host: <172.17.36.203:9618?addrs=172.17.36.203-9618&alias=gaew0203.ciemat.es&noUDP&sock=startd_2728_c273>
...
006 (433495.009.000) 2023-09-13 19:48:10 Image size of job updated: 793080
	127  -  MemoryUsage of job (MB)
	129480  -  ResidentSetSize of job (KB)
...
006 (433495.009.000) 2023-09-13 19:49:11 Image size of job updated: 1971236
	471  -  MemoryUsage of job (MB)
	482132  -  ResidentSetSize of job (KB)
...
006 (433495.009.000) 2023-09-13 19:50:12 Image size of job updated: 6920272
	2665  -  MemoryUsage of job (MB)
	2727988  -  ResidentSetSize of job (KB)
...
006 (433495.009.000) 2023-09-13 19:51:13 Image size of job updated: 6985808
	2921  -  MemoryUsage of job (MB)
	2990300  -  ResidentSetSize of job (KB)
...
006 (433495.009.000) 2023-09-13 19:52:13 Image size of job updated: 8365088
	3138  -  MemoryUsage of job (MB)
	3212984  -  ResidentSetSize of job (KB)
...
006 (433495.009.000) 2023-09-13 19:53:13 Image size of job updated: 9784660
	3138  -  MemoryUsage of job (MB)
	3212984  -  ResidentSetSize of job (KB)
...
006 (433495.009.000) 2023-09-13 19:54:13 Image size of job updated: 9784660
	3509  -  MemoryUsage of job (MB)
	3592712  -  ResidentSetSize of job (KB)
...
006 (433495.009.000) 2023-09-13 19:56:13 Image size of job updated: 9784660
	5639  -  MemoryUsage of job (MB)
	5773964  -  ResidentSetSize of job (KB)
...
006 (433495.009.000) 2023-09-13 19:57:13 Image size of job updated: 9784660
	5930  -  MemoryUsage of job (MB)
	6072268  -  ResidentSetSize of job (KB)
...
006 (433495.009.000) 2023-09-13 19:58:13 Image size of job updated: 9784660
	6092  -  MemoryUsage of job (MB)
	6237804  -  ResidentSetSize of job (KB)
...
006 (433495.009.000) 2023-09-13 19:59:14 Image size of job updated: 9784660
	6749  -  MemoryUsage of job (MB)
	6910860  -  ResidentSetSize of job (KB)
...
006 (433495.009.000) 2023-09-13 20:00:15 Image size of job updated: 9784660
	6906  -  MemoryUsage of job (MB)
	7071228  -  ResidentSetSize of job (KB)
...
006 (433495.009.000) 2023-09-13 20:03:18 Image size of job updated: 9784660
	6906  -  MemoryUsage of job (MB)
	7071336  -  ResidentSetSize of job (KB)
...
006 (433495.009.000) 2023-09-13 20:05:20 Image size of job updated: 9784660
	6976  -  MemoryUsage of job (MB)
	7143008  -  ResidentSetSize of job (KB)
...
006 (433495.009.000) 2023-09-13 20:07:20 Image size of job updated: 9784660
	7021  -  MemoryUsage of job (MB)
	7188972  -  ResidentSetSize of job (KB)
...
006 (433495.009.000) 2023-09-13 20:08:20 Image size of job updated: 9784660
	7021  -  MemoryUsage of job (MB)
	7189072  -  ResidentSetSize of job (KB)
...
006 (433495.009.000) 2023-09-13 20:10:20 Image size of job updated: 9784660
	7081  -  MemoryUsage of job (MB)
	7250072  -  ResidentSetSize of job (KB)
...
006 (433495.009.000) 2023-09-13 20:27:27 Image size of job updated: 10067164
	7081  -  MemoryUsage of job (MB)
	7250072  -  ResidentSetSize of job (KB)
...
006 (433495.009.000) 2023-09-13 20:30:29 Image size of job updated: 10067164
	7329  -  MemoryUsage of job (MB)
	7504388  -  ResidentSetSize of job (KB)
...
006 (433495.009.000) 2023-09-13 20:31:30 Image size of job updated: 10067164
	7375  -  MemoryUsage of job (MB)
	7551932  -  ResidentSetSize of job (KB)
...
006 (433495.009.000) 2023-09-13 20:32:31 Image size of job updated: 10143836
	7591  -  MemoryUsage of job (MB)
	7773000  -  ResidentSetSize of job (KB)
...
006 (433495.009.000) 2023-09-13 20:46:37 Image size of job updated: 10143836
	7607  -  MemoryUsage of job (MB)
	7788820  -  ResidentSetSize of job (KB)
...
006 (433495.009.000) 2023-09-13 20:47:38 Image size of job updated: 10143836
	7607  -  MemoryUsage of job (MB)
	7788968  -  ResidentSetSize of job (KB)
...
006 (433495.009.000) 2023-09-13 20:50:41 Image size of job updated: 10143836
	7711  -  MemoryUsage of job (MB)
	7895920  -  ResidentSetSize of job (KB)
...
040 (433495.009.000) 2023-09-13 21:48:18 Started transferring output files
...
040 (433495.009.000) 2023-09-13 21:48:18 Finished transferring output files
...
005 (433495.009.000) 2023-09-13 21:48:18 Job terminated.
	(1) Normal termination (return value 0)
		Usr 0 21:08:22, Sys 0 02:15:39  -  Run Remote Usage
		Usr 0 00:00:00, Sys 0 00:00:00  -  Run Local Usage
		Usr 0 21:08:22, Sys 0 02:15:39  -  Total Remote Usage
		Usr 0 00:00:00, Sys 0 00:00:00  -  Total Local Usage
	8464  -  Run Bytes Sent By Job
	217  -  Run Bytes Received By Job
	8464  -  Total Bytes Sent By Job
	217  -  Total Bytes Received By Job
	Partitionable Resources :    Usage  Request Allocated 
	   Cpus                 :    19.17        4         4 
	   Disk (KB)            :    26           1    741177 
	   Memory (MB)          :  7711           1       128 

	Job terminated of its own accord at 2023-09-13T19:48:17Z.
...
