000 (433494.003.000) 2023-09-13 18:49:08 Job submitted from host: <172.17.47.42:9618?addrs=172.17.47.42-9618&alias=condorsc1.ciemat.es&noUDP&sock=schedd_1710_7f09>
...
040 (433494.003.000) 2023-09-13 18:49:33 Started transferring input files
	Transferring to host: <172.17.36.208:9618?addrs=172.17.36.208-9618&alias=gaew0208.ciemat.es&noUDP&sock=slot1_5_3680_a48f_1859>
...
040 (433494.003.000) 2023-09-13 18:49:33 Finished transferring input files
...
001 (433494.003.000) 2023-09-13 18:49:34 Job executing on host: <172.17.36.208:9618?addrs=172.17.36.208-9618&alias=gaew0208.ciemat.es&noUDP&sock=startd_2477_982d>
...
006 (433494.003.000) 2023-09-13 18:49:42 Image size of job updated: 60988
	45  -  MemoryUsage of job (MB)
	45276  -  ResidentSetSize of job (KB)
...
006 (433494.003.000) 2023-09-13 18:50:42 Image size of job updated: 833140
	127  -  MemoryUsage of job (MB)
	129792  -  ResidentSetSize of job (KB)
...
006 (433494.003.000) 2023-09-13 18:51:42 Image size of job updated: 1994472
	561  -  MemoryUsage of job (MB)
	574016  -  ResidentSetSize of job (KB)
...
006 (433494.003.000) 2023-09-13 18:52:42 Image size of job updated: 6945176
	3101  -  MemoryUsage of job (MB)
	3174668  -  ResidentSetSize of job (KB)
...
006 (433494.003.000) 2023-09-13 18:53:42 Image size of job updated: 7245120
	4178  -  MemoryUsage of job (MB)
	4278256  -  ResidentSetSize of job (KB)
...
006 (433494.003.000) 2023-09-13 18:54:42 Image size of job updated: 7281360
	4239  -  MemoryUsage of job (MB)
	4340052  -  ResidentSetSize of job (KB)
...
006 (433494.003.000) 2023-09-13 18:55:43 Image size of job updated: 7281360
	4247  -  MemoryUsage of job (MB)
	4348052  -  ResidentSetSize of job (KB)
...
006 (433494.003.000) 2023-09-13 18:56:44 Image size of job updated: 7281360
	4266  -  MemoryUsage of job (MB)
	4367748  -  ResidentSetSize of job (KB)
...
006 (433494.003.000) 2023-09-13 18:57:45 Image size of job updated: 7281360
	4266  -  MemoryUsage of job (MB)
	4367976  -  ResidentSetSize of job (KB)
...
006 (433494.003.000) 2023-09-13 18:58:46 Image size of job updated: 7281360
	4284  -  MemoryUsage of job (MB)
	4386016  -  ResidentSetSize of job (KB)
...
006 (433494.003.000) 2023-09-13 18:59:47 Image size of job updated: 7281360
	4316  -  MemoryUsage of job (MB)
	4419312  -  ResidentSetSize of job (KB)
...
006 (433494.003.000) 2023-09-13 19:00:48 Image size of job updated: 7310656
	4489  -  MemoryUsage of job (MB)
	4595744  -  ResidentSetSize of job (KB)
...
006 (433494.003.000) 2023-09-13 19:01:49 Image size of job updated: 7346896
	4522  -  MemoryUsage of job (MB)
	4630204  -  ResidentSetSize of job (KB)
...
006 (433494.003.000) 2023-09-13 19:03:49 Image size of job updated: 7514208
	5040  -  MemoryUsage of job (MB)
	5160008  -  ResidentSetSize of job (KB)
...
006 (433494.003.000) 2023-09-13 19:04:49 Image size of job updated: 7514208
	5043  -  MemoryUsage of job (MB)
	5163496  -  ResidentSetSize of job (KB)
...
006 (433494.003.000) 2023-09-13 19:05:49 Image size of job updated: 7514208
	5045  -  MemoryUsage of job (MB)
	5165940  -  ResidentSetSize of job (KB)
...
006 (433494.003.000) 2023-09-13 19:07:49 Image size of job updated: 7572800
	5092  -  MemoryUsage of job (MB)
	5213292  -  ResidentSetSize of job (KB)
...
006 (433494.003.000) 2023-09-13 19:08:49 Image size of job updated: 7572800
	5092  -  MemoryUsage of job (MB)
	5214092  -  ResidentSetSize of job (KB)
...
006 (433494.003.000) 2023-09-13 19:09:49 Image size of job updated: 7572800
	5093  -  MemoryUsage of job (MB)
	5214580  -  ResidentSetSize of job (KB)
...
006 (433494.003.000) 2023-09-13 19:11:51 Image size of job updated: 7572800
	5097  -  MemoryUsage of job (MB)
	5218960  -  ResidentSetSize of job (KB)
...
006 (433494.003.000) 2023-09-13 19:12:52 Image size of job updated: 7572800
	5099  -  MemoryUsage of job (MB)
	5220532  -  ResidentSetSize of job (KB)
...
006 (433494.003.000) 2023-09-13 19:13:53 Image size of job updated: 7572800
	5099  -  MemoryUsage of job (MB)
	5221040  -  ResidentSetSize of job (KB)
...
006 (433494.003.000) 2023-09-13 19:16:54 Image size of job updated: 7572800
	5099  -  MemoryUsage of job (MB)
	5221100  -  ResidentSetSize of job (KB)
...
006 (433494.003.000) 2023-09-13 19:17:54 Image size of job updated: 7572800
	5099  -  MemoryUsage of job (MB)
	5221288  -  ResidentSetSize of job (KB)
...
006 (433494.003.000) 2023-09-13 19:18:54 Image size of job updated: 7572800
	5099  -  MemoryUsage of job (MB)
	5221360  -  ResidentSetSize of job (KB)
...
006 (433494.003.000) 2023-09-13 19:19:54 Image size of job updated: 7572800
	5105  -  MemoryUsage of job (MB)
	5227292  -  ResidentSetSize of job (KB)
...
006 (433494.003.000) 2023-09-13 20:01:15 Image size of job updated: 7675896
	5105  -  MemoryUsage of job (MB)
	5227292  -  ResidentSetSize of job (KB)
...
006 (433494.003.000) 2023-09-13 20:05:16 Image size of job updated: 7799544
	5105  -  MemoryUsage of job (MB)
	5227292  -  ResidentSetSize of job (KB)
...
006 (433494.003.000) 2023-09-13 20:24:25 Image size of job updated: 7799544
	5106  -  MemoryUsage of job (MB)
	5227544  -  ResidentSetSize of job (KB)
...
006 (433494.003.000) 2023-09-13 20:25:26 Image size of job updated: 7799544
	5106  -  MemoryUsage of job (MB)
	5227876  -  ResidentSetSize of job (KB)
...
006 (433494.003.000) 2023-09-13 20:27:28 Image size of job updated: 7799544
	5106  -  MemoryUsage of job (MB)
	5228116  -  ResidentSetSize of job (KB)
...
006 (433494.003.000) 2023-09-13 20:32:31 Image size of job updated: 7799544
	5108  -  MemoryUsage of job (MB)
	5229668  -  ResidentSetSize of job (KB)
...
006 (433494.003.000) 2023-09-13 20:34:31 Image size of job updated: 7799544
	5123  -  MemoryUsage of job (MB)
	5245840  -  ResidentSetSize of job (KB)
...
006 (433494.003.000) 2023-09-13 20:35:31 Image size of job updated: 7799544
	5124  -  MemoryUsage of job (MB)
	5246108  -  ResidentSetSize of job (KB)
...
006 (433494.003.000) 2023-09-13 20:38:31 Image size of job updated: 7799544
	5125  -  MemoryUsage of job (MB)
	5247180  -  ResidentSetSize of job (KB)
...
006 (433494.003.000) 2023-09-13 20:39:32 Image size of job updated: 7799544
	5130  -  MemoryUsage of job (MB)
	5252400  -  ResidentSetSize of job (KB)
...
006 (433494.003.000) 2023-09-13 20:40:33 Image size of job updated: 7799544
	5130  -  MemoryUsage of job (MB)
	5252680  -  ResidentSetSize of job (KB)
...
006 (433494.003.000) 2023-09-13 20:41:34 Image size of job updated: 7799544
	5130  -  MemoryUsage of job (MB)
	5252724  -  ResidentSetSize of job (KB)
...
006 (433494.003.000) 2023-09-13 20:42:35 Image size of job updated: 7799544
	5133  -  MemoryUsage of job (MB)
	5255488  -  ResidentSetSize of job (KB)
...
006 (433494.003.000) 2023-09-13 20:43:36 Image size of job updated: 7799544
	5133  -  MemoryUsage of job (MB)
	5255508  -  ResidentSetSize of job (KB)
...
006 (433494.003.000) 2023-09-13 20:44:37 Image size of job updated: 7799544
	5144  -  MemoryUsage of job (MB)
	5266776  -  ResidentSetSize of job (KB)
...
006 (433494.003.000) 2023-09-13 20:45:38 Image size of job updated: 7799544
	5144  -  MemoryUsage of job (MB)
	5266792  -  ResidentSetSize of job (KB)
...
006 (433494.003.000) 2023-09-13 21:07:46 Image size of job updated: 7799544
	5149  -  MemoryUsage of job (MB)
	5272004  -  ResidentSetSize of job (KB)
...
006 (433494.003.000) 2023-09-13 21:16:53 Image size of job updated: 7799544
	5149  -  MemoryUsage of job (MB)
	5272472  -  ResidentSetSize of job (KB)
...
006 (433494.003.000) 2023-09-13 21:17:53 Image size of job updated: 7799544
	5150  -  MemoryUsage of job (MB)
	5272696  -  ResidentSetSize of job (KB)
...
006 (433494.003.000) 2023-09-13 21:18:53 Image size of job updated: 7799544
	5152  -  MemoryUsage of job (MB)
	5274960  -  ResidentSetSize of job (KB)
...
006 (433494.003.000) 2023-09-13 21:22:53 Image size of job updated: 7799544
	5155  -  MemoryUsage of job (MB)
	5278216  -  ResidentSetSize of job (KB)
...
006 (433494.003.000) 2023-09-13 21:48:07 Image size of job updated: 7799544
	5158  -  MemoryUsage of job (MB)
	5281112  -  ResidentSetSize of job (KB)
...
006 (433494.003.000) 2023-09-13 21:51:07 Image size of job updated: 7799544
	5164  -  MemoryUsage of job (MB)
	5287524  -  ResidentSetSize of job (KB)
...
040 (433494.003.000) 2023-09-13 22:25:22 Started transferring output files
...
040 (433494.003.000) 2023-09-13 22:25:22 Finished transferring output files
...
005 (433494.003.000) 2023-09-13 22:25:22 Job terminated.
	(1) Normal termination (return value 0)
		Usr 1 06:22:57, Sys 0 03:05:15  -  Run Remote Usage
		Usr 0 00:00:00, Sys 0 00:00:00  -  Run Local Usage
		Usr 1 06:22:57, Sys 0 03:05:15  -  Total Remote Usage
		Usr 0 00:00:00, Sys 0 00:00:00  -  Total Local Usage
	8458  -  Run Bytes Sent By Job
	217  -  Run Bytes Received By Job
	8458  -  Total Bytes Sent By Job
	217  -  Total Bytes Received By Job
	Partitionable Resources :    Usage  Request Allocated 
	   Cpus                 :    12.82        4         4 
	   Disk (KB)            :    26           1    745634 
	   Memory (MB)          :  5164           1       128 

	Job terminated of its own accord at 2023-09-13T20:25:22Z.
...
