SL CHANNEL
btagMM_chitest
jet_bot2
the samples treated are ['ww2017', 'wjets_12017', 'wjets_22017', 'wjets_32017', 'wjets_42017', 'wjets_52017', 'wjets_62017', 'wjets_72017', 'wjets_82017', 'zjets_12017', 'zjets_22017', 'zjets_32017', 'zjets_42017', 'zjets_52017', 'zjets_62017', 'zjets_72017', 'zjets_82017', 'ttbar_sl2017', 'ttbar_dl2017', 'ttbar_dh2017', 'zz2017', 'wz2017', 'st_12017', 'st_22017', 'st_32017', 'st_42017']
Number of files for ww2017 16
Number of files for wjets_12017 36
Number of files for wjets_22017 35
Number of files for wjets_32017 32
Number of files for wjets_42017 47
Number of files for wjets_52017 17
Number of files for wjets_62017 11
Number of files for wjets_72017 32
Number of files for wjets_82017 15
Number of files for zjets_12017 18
Number of files for zjets_22017 22
Number of files for zjets_32017 37
Number of files for zjets_42017 17
Number of files for zjets_52017 14
Number of files for zjets_62017 16
Number of files for zjets_72017 14
Number of files for zjets_82017 12
Number of files for ttbar_sl2017 297
Number of files for ttbar_dl2017 99
Number of files for ttbar_dh2017 199
Number of files for zz2017 2
Number of files for wz2017 20
Number of files for st_12017 48
Number of files for st_22017 43
Number of files for st_32017 48
Number of files for st_42017 46
Trigger scale factors
Trigger scale factors
Low pt muons scale factors
BTAG scale factors
D hadrons corrections
Number of events after selection for ww2017 sample are 96
Number of events after selection with weights for ww2017 sample are 93.2067407056206
Number of muons in jet bot2 for ww2017 sample are 96.0
Number of events after selection for wjets_12017 sample are 28
Number of events after selection with weights for wjets_12017 sample are 35.181828971323455
Number of muons in jet bot2 for wjets_12017 sample are 29.0
Number of events after selection for wjets_22017 sample are 236
Number of events after selection with weights for wjets_22017 sample are 230.97195204653235
Number of muons in jet bot2 for wjets_22017 sample are 242.0
Number of events after selection for wjets_32017 sample are 2284
Number of events after selection with weights for wjets_32017 sample are 2064.3598217424346
Number of muons in jet bot2 for wjets_32017 sample are 2347.0
Number of events after selection for wjets_42017 sample are 773
Number of events after selection with weights for wjets_42017 sample are 688.9964996819881
Number of muons in jet bot2 for wjets_42017 sample are 811.0
Number of events after selection for wjets_52017 sample are 892
Number of events after selection with weights for wjets_52017 sample are 804.6039234941431
Number of muons in jet bot2 for wjets_52017 sample are 934.0
Number of events after selection for wjets_62017 sample are 1092
Number of events after selection with weights for wjets_62017 sample are 1030.5048298705103
Number of muons in jet bot2 for wjets_62017 sample are 1141.0
Number of events after selection for wjets_72017 sample are 623
Number of events after selection with weights for wjets_72017 sample are 591.8424385704207
Number of muons in jet bot2 for wjets_72017 sample are 646.0
Number of events after selection for wjets_82017 sample are 166
Number of events after selection with weights for wjets_82017 sample are 202.36152975590778
Number of muons in jet bot2 for wjets_82017 sample are 174.0
Number of events after selection for zjets_12017 sample are 125
Number of events after selection with weights for zjets_12017 sample are 144.20490100005074
Number of muons in jet bot2 for zjets_12017 sample are 128.0
Number of events after selection for zjets_22017 sample are 1072
Number of events after selection with weights for zjets_22017 sample are 1130.3634295780944
Number of muons in jet bot2 for zjets_22017 sample are 1101.0
Number of events after selection for zjets_32017 sample are 3184
Number of events after selection with weights for zjets_32017 sample are 3110.503030865963
Number of muons in jet bot2 for zjets_32017 sample are 3314.0
Number of events after selection for zjets_42017 sample are 2214
Number of events after selection with weights for zjets_42017 sample are 2114.719266337072
Number of muons in jet bot2 for zjets_42017 sample are 2307.0
Number of events after selection for zjets_52017 sample are 2017
Number of events after selection with weights for zjets_52017 sample are 1899.7563135185005
Number of muons in jet bot2 for zjets_52017 sample are 2109.0
Number of events after selection for zjets_62017 sample are 1381
Number of events after selection with weights for zjets_62017 sample are 1330.6362634999348
Number of muons in jet bot2 for zjets_62017 sample are 1433.0
Number of events after selection for zjets_72017 sample are 1139
Number of events after selection with weights for zjets_72017 sample are 1150.6374417020343
Number of muons in jet bot2 for zjets_72017 sample are 1184.0
Number of events after selection for zjets_82017 sample are 256
Number of events after selection with weights for zjets_82017 sample are 331.2209430988285
Number of muons in jet bot2 for zjets_82017 sample are 271.0
Number of events after selection for ttbar_dh2017 sample are 670
Number of events after selection with weights for ttbar_dh2017 sample are 596.3157802610363
Number of muons in jet bot2 for ttbar_dh2017 sample are 699.0
Number of events after selection for zz2017 sample are 113
Number of events after selection with weights for zz2017 sample are 107.48114610683942
Number of muons in jet bot2 for zz2017 sample are 118.0
Number of events after selection for wz2017 sample are 179
Number of events after selection with weights for wz2017 sample are 163.0064251442563
Number of muons in jet bot2 for wz2017 sample are 185.0
Number of events after selection for st_12017 sample are 8175
Number of events after selection with weights for st_12017 sample are 7347.478656813392
Number of muons in jet bot2 for st_12017 sample are 8482.0
Number of events after selection for st_22017 sample are 8325
Number of events after selection with weights for st_22017 sample are 7491.790545552092
Number of muons in jet bot2 for st_22017 sample are 8616.0
Number of events after selection for st_32017 sample are 7626
Number of events after selection with weights for st_32017 sample are 6823.977430107319
Number of muons in jet bot2 for st_32017 sample are 7899.0
Number of events after selection for st_42017 sample are 13602
Number of events after selection with weights for st_42017 sample are 12119.26674868051
Number of muons in jet bot2 for st_42017 sample are 14072.0
Number of events after selection for ttbar_sl2017_nomuon sample are 0
Number of events after selection with weights for ttbar_sl2017_nomuon sample are 0.0
Number of muons in jet bot2 for ttbar_sl2017_nomuon sample are 0.0
Number of events after selection for ttbar_sl2017_muon_charm sample are 1119474
Number of events after selection with weights for ttbar_sl2017_muon_charm sample are 972159.8007523326
Number of muons in jet bot2 for ttbar_sl2017_muon_charm sample are 1156241.0
Number of events after selection for ttbar_sl2017_muon_bottom sample are 1344009
Number of events after selection with weights for ttbar_sl2017_muon_bottom sample are 1166274.7271723736
Number of muons in jet bot2 for ttbar_sl2017_muon_bottom sample are 1393754.0
Number of events after selection for ttbar_sl2017_muon_else sample are 235222
Number of events after selection with weights for ttbar_sl2017_muon_else sample are 204963.09670400363
Number of muons in jet bot2 for ttbar_sl2017_muon_else sample are 245717.0
Number of events after selection for ttbar_dl2017_nomuon sample are 0
Number of events after selection with weights for ttbar_dl2017_nomuon sample are 0.0
Number of muons in jet bot2 for ttbar_dl2017_nomuon sample are 0.0
Number of events after selection for ttbar_dl2017_muon_charm sample are 266197
Number of events after selection with weights for ttbar_dl2017_muon_charm sample are 252116.57538557702
Number of muons in jet bot2 for ttbar_dl2017_muon_charm sample are 275445.0
Number of events after selection for ttbar_dl2017_muon_bottom sample are 335692
Number of events after selection with weights for ttbar_dl2017_muon_bottom sample are 319140.65850474837
Number of muons in jet bot2 for ttbar_dl2017_muon_bottom sample are 348429.0
Number of events after selection for ttbar_dl2017_muon_else sample are 99665
Number of events after selection with weights for ttbar_dl2017_muon_else sample are 99880.37747809882
Number of muons in jet bot2 for ttbar_dl2017_muon_else sample are 104258.0
Ended succesfully
