000 (433495.015.000) 2023-09-13 18:49:11 Job submitted from host: <172.17.47.42:9618?addrs=172.17.47.42-9618&alias=condorsc1.ciemat.es&noUDP&sock=schedd_1710_7f09>
...
040 (433495.015.000) 2023-09-13 20:00:05 Started transferring input files
	Transferring to host: <172.17.36.204:9618?addrs=172.17.36.204-9618&alias=gaew0204.ciemat.es&noUDP&sock=slot1_5_4553_c012_1518>
...
040 (433495.015.000) 2023-09-13 20:00:05 Finished transferring input files
...
001 (433495.015.000) 2023-09-13 20:00:06 Job executing on host: <172.17.36.204:9618?addrs=172.17.36.204-9618&alias=gaew0204.ciemat.es&noUDP&sock=startd_2721_f549>
...
006 (433495.015.000) 2023-09-13 20:00:15 Image size of job updated: 596
	1  -  MemoryUsage of job (MB)
	340  -  ResidentSetSize of job (KB)
...
006 (433495.015.000) 2023-09-13 20:01:16 Image size of job updated: 833140
	127  -  MemoryUsage of job (MB)
	129808  -  ResidentSetSize of job (KB)
...
006 (433495.015.000) 2023-09-13 20:02:17 Image size of job updated: 2070824
	711  -  MemoryUsage of job (MB)
	727684  -  ResidentSetSize of job (KB)
...
006 (433495.015.000) 2023-09-13 20:03:18 Image size of job updated: 6971416
	3316  -  MemoryUsage of job (MB)
	3395248  -  ResidentSetSize of job (KB)
...
006 (433495.015.000) 2023-09-13 20:04:19 Image size of job updated: 7176496
	4237  -  MemoryUsage of job (MB)
	4338208  -  ResidentSetSize of job (KB)
...
006 (433495.015.000) 2023-09-13 20:05:19 Image size of job updated: 7176496
	4428  -  MemoryUsage of job (MB)
	4533888  -  ResidentSetSize of job (KB)
...
006 (433495.015.000) 2023-09-13 20:09:19 Image size of job updated: 7176496
	4451  -  MemoryUsage of job (MB)
	4557556  -  ResidentSetSize of job (KB)
...
006 (433495.015.000) 2023-09-13 20:10:19 Image size of job updated: 7176496
	4452  -  MemoryUsage of job (MB)
	4558344  -  ResidentSetSize of job (KB)
...
006 (433495.015.000) 2023-09-13 20:13:20 Image size of job updated: 7176496
	4466  -  MemoryUsage of job (MB)
	4572660  -  ResidentSetSize of job (KB)
...
006 (433495.015.000) 2023-09-13 20:15:22 Image size of job updated: 7307568
	4633  -  MemoryUsage of job (MB)
	4743596  -  ResidentSetSize of job (KB)
...
006 (433495.015.000) 2023-09-13 20:16:23 Image size of job updated: 7307568
	4633  -  MemoryUsage of job (MB)
	4743664  -  ResidentSetSize of job (KB)
...
006 (433495.015.000) 2023-09-13 20:17:24 Image size of job updated: 7307568
	4656  -  MemoryUsage of job (MB)
	4767556  -  ResidentSetSize of job (KB)
...
006 (433495.015.000) 2023-09-13 20:18:25 Image size of job updated: 7614264
	5062  -  MemoryUsage of job (MB)
	5182596  -  ResidentSetSize of job (KB)
...
006 (433495.015.000) 2023-09-13 20:19:26 Image size of job updated: 7614264
	5065  -  MemoryUsage of job (MB)
	5186264  -  ResidentSetSize of job (KB)
...
006 (433495.015.000) 2023-09-13 20:20:26 Image size of job updated: 7614264
	5066  -  MemoryUsage of job (MB)
	5186776  -  ResidentSetSize of job (KB)
...
006 (433495.015.000) 2023-09-13 20:21:26 Image size of job updated: 7614264
	5077  -  MemoryUsage of job (MB)
	5198380  -  ResidentSetSize of job (KB)
...
006 (433495.015.000) 2023-09-13 20:22:26 Image size of job updated: 7614264
	5088  -  MemoryUsage of job (MB)
	5209992  -  ResidentSetSize of job (KB)
...
006 (433495.015.000) 2023-09-13 20:23:26 Image size of job updated: 7700784
	5114  -  MemoryUsage of job (MB)
	5236220  -  ResidentSetSize of job (KB)
...
006 (433495.015.000) 2023-09-13 20:24:26 Image size of job updated: 7700784
	5119  -  MemoryUsage of job (MB)
	5240868  -  ResidentSetSize of job (KB)
...
006 (433495.015.000) 2023-09-13 20:25:26 Image size of job updated: 7700784
	5119  -  MemoryUsage of job (MB)
	5241484  -  ResidentSetSize of job (KB)
...
006 (433495.015.000) 2023-09-13 20:26:26 Image size of job updated: 7700784
	5121  -  MemoryUsage of job (MB)
	5242944  -  ResidentSetSize of job (KB)
...
006 (433495.015.000) 2023-09-13 20:27:26 Image size of job updated: 7700784
	5121  -  MemoryUsage of job (MB)
	5243416  -  ResidentSetSize of job (KB)
...
006 (433495.015.000) 2023-09-13 20:29:28 Image size of job updated: 7700784
	5122  -  MemoryUsage of job (MB)
	5244060  -  ResidentSetSize of job (KB)
...
006 (433495.015.000) 2023-09-13 20:30:29 Image size of job updated: 7700784
	5122  -  MemoryUsage of job (MB)
	5244384  -  ResidentSetSize of job (KB)
...
006 (433495.015.000) 2023-09-13 20:31:30 Image size of job updated: 7700784
	5122  -  MemoryUsage of job (MB)
	5244704  -  ResidentSetSize of job (KB)
...
006 (433495.015.000) 2023-09-13 20:34:33 Image size of job updated: 7700784
	5123  -  MemoryUsage of job (MB)
	5245888  -  ResidentSetSize of job (KB)
...
006 (433495.015.000) 2023-09-13 20:35:33 Image size of job updated: 7700784
	5124  -  MemoryUsage of job (MB)
	5246048  -  ResidentSetSize of job (KB)
...
006 (433495.015.000) 2023-09-13 20:40:33 Image size of job updated: 7700784
	5124  -  MemoryUsage of job (MB)
	5246532  -  ResidentSetSize of job (KB)
...
006 (433495.015.000) 2023-09-13 20:43:35 Image size of job updated: 7700784
	5125  -  MemoryUsage of job (MB)
	5247684  -  ResidentSetSize of job (KB)
...
006 (433495.015.000) 2023-09-13 20:44:36 Image size of job updated: 7700784
	5125  -  MemoryUsage of job (MB)
	5247704  -  ResidentSetSize of job (KB)
...
006 (433495.015.000) 2023-09-13 20:45:37 Image size of job updated: 7700784
	5126  -  MemoryUsage of job (MB)
	5248248  -  ResidentSetSize of job (KB)
...
006 (433495.015.000) 2023-09-13 20:46:38 Image size of job updated: 7700784
	5126  -  MemoryUsage of job (MB)
	5248688  -  ResidentSetSize of job (KB)
...
006 (433495.015.000) 2023-09-13 20:50:41 Image size of job updated: 7700784
	5127  -  MemoryUsage of job (MB)
	5249404  -  ResidentSetSize of job (KB)
...
006 (433495.015.000) 2023-09-13 20:52:41 Image size of job updated: 7700784
	5128  -  MemoryUsage of job (MB)
	5250396  -  ResidentSetSize of job (KB)
...
006 (433495.015.000) 2023-09-13 21:36:02 Image size of job updated: 7700784
	5135  -  MemoryUsage of job (MB)
	5257276  -  ResidentSetSize of job (KB)
...
006 (433495.015.000) 2023-09-13 21:37:02 Image size of job updated: 7700784
	5152  -  MemoryUsage of job (MB)
	5274780  -  ResidentSetSize of job (KB)
...
006 (433495.015.000) 2023-09-13 21:38:02 Image size of job updated: 7700784
	5161  -  MemoryUsage of job (MB)
	5284356  -  ResidentSetSize of job (KB)
...
006 (433495.015.000) 2023-09-13 22:00:14 Image size of job updated: 7700784
	5167  -  MemoryUsage of job (MB)
	5290588  -  ResidentSetSize of job (KB)
...
006 (433495.015.000) 2023-09-13 22:01:15 Image size of job updated: 7700784
	5167  -  MemoryUsage of job (MB)
	5290780  -  ResidentSetSize of job (KB)
...
006 (433495.015.000) 2023-09-13 22:02:16 Image size of job updated: 7700784
	5167  -  MemoryUsage of job (MB)
	5290932  -  ResidentSetSize of job (KB)
...
006 (433495.015.000) 2023-09-13 22:03:16 Image size of job updated: 7700784
	5168  -  MemoryUsage of job (MB)
	5291168  -  ResidentSetSize of job (KB)
...
006 (433495.015.000) 2023-09-13 22:05:16 Image size of job updated: 7700784
	5178  -  MemoryUsage of job (MB)
	5301716  -  ResidentSetSize of job (KB)
...
006 (433495.015.000) 2023-09-13 22:06:16 Image size of job updated: 7700784
	5178  -  MemoryUsage of job (MB)
	5301796  -  ResidentSetSize of job (KB)
...
006 (433495.015.000) 2023-09-13 22:07:16 Image size of job updated: 7700784
	5178  -  MemoryUsage of job (MB)
	5301864  -  ResidentSetSize of job (KB)
...
006 (433495.015.000) 2023-09-13 22:08:16 Image size of job updated: 7700784
	5178  -  MemoryUsage of job (MB)
	5301916  -  ResidentSetSize of job (KB)
...
006 (433495.015.000) 2023-09-13 22:09:16 Image size of job updated: 7700784
	5178  -  MemoryUsage of job (MB)
	5301976  -  ResidentSetSize of job (KB)
...
006 (433495.015.000) 2023-09-13 22:10:16 Image size of job updated: 7700784
	5179  -  MemoryUsage of job (MB)
	5302276  -  ResidentSetSize of job (KB)
...
006 (433495.015.000) 2023-09-13 22:11:17 Image size of job updated: 7700784
	5179  -  MemoryUsage of job (MB)
	5303172  -  ResidentSetSize of job (KB)
...
006 (433495.015.000) 2023-09-13 22:13:19 Image size of job updated: 7700784
	5186  -  MemoryUsage of job (MB)
	5310444  -  ResidentSetSize of job (KB)
...
006 (433495.015.000) 2023-09-13 22:18:23 Image size of job updated: 7700784
	5190  -  MemoryUsage of job (MB)
	5313772  -  ResidentSetSize of job (KB)
...
006 (433495.015.000) 2023-09-13 22:20:23 Image size of job updated: 7700784
	5200  -  MemoryUsage of job (MB)
	5323808  -  ResidentSetSize of job (KB)
...
006 (433495.015.000) 2023-09-13 22:21:23 Image size of job updated: 7700784
	5200  -  MemoryUsage of job (MB)
	5323908  -  ResidentSetSize of job (KB)
...
006 (433495.015.000) 2023-09-13 22:22:23 Image size of job updated: 7700784
	5200  -  MemoryUsage of job (MB)
	5324040  -  ResidentSetSize of job (KB)
...
006 (433495.015.000) 2023-09-13 22:23:23 Image size of job updated: 7700784
	5208  -  MemoryUsage of job (MB)
	5332956  -  ResidentSetSize of job (KB)
...
040 (433495.015.000) 2023-09-13 23:17:56 Started transferring output files
...
040 (433495.015.000) 2023-09-13 23:17:56 Finished transferring output files
...
005 (433495.015.000) 2023-09-13 23:17:56 Job terminated.
	(1) Normal termination (return value 0)
		Usr 1 05:13:12, Sys 0 02:29:25  -  Run Remote Usage
		Usr 0 00:00:00, Sys 0 00:00:00  -  Run Local Usage
		Usr 1 05:13:12, Sys 0 02:29:25  -  Total Remote Usage
		Usr 0 00:00:00, Sys 0 00:00:00  -  Total Local Usage
	8598  -  Run Bytes Sent By Job
	217  -  Run Bytes Received By Job
	8598  -  Total Bytes Sent By Job
	217  -  Total Bytes Received By Job
	Partitionable Resources :    Usage  Request Allocated 
	   Cpus                 :    23.72        4         4 
	   Disk (KB)            :    26           1    739810 
	   Memory (MB)          :  5208           1       128 

	Job terminated of its own accord at 2023-09-13T21:17:56Z.
...
