000 (433494.010.000) 2023-09-13 18:49:08 Job submitted from host: <172.17.47.42:9618?addrs=172.17.47.42-9618&alias=condorsc1.ciemat.es&noUDP&sock=schedd_1710_7f09>
...
040 (433494.010.000) 2023-09-13 18:51:54 Started transferring input files
	Transferring to host: <172.17.36.209:9618?addrs=172.17.36.209-9618&alias=gaew0209.ciemat.es&noUDP&sock=slot1_5_18348_9363_572>
...
040 (433494.010.000) 2023-09-13 18:51:54 Finished transferring input files
...
001 (433494.010.000) 2023-09-13 18:51:55 Job executing on host: <172.17.36.209:9618?addrs=172.17.36.209-9618&alias=gaew0209.ciemat.es&noUDP&sock=startd_2685_43e0>
...
006 (433494.010.000) 2023-09-13 18:52:03 Image size of job updated: 129448
	127  -  MemoryUsage of job (MB)
	129448  -  ResidentSetSize of job (KB)
...
006 (433494.010.000) 2023-09-13 18:53:03 Image size of job updated: 4473076
	1108  -  MemoryUsage of job (MB)
	1133788  -  ResidentSetSize of job (KB)
...
006 (433494.010.000) 2023-09-13 18:54:03 Image size of job updated: 4473452
	1155  -  MemoryUsage of job (MB)
	1182280  -  ResidentSetSize of job (KB)
...
006 (433494.010.000) 2023-09-13 18:54:46 Image size of job updated: 4473536
	1155  -  MemoryUsage of job (MB)
	1182280  -  ResidentSetSize of job (KB)
...
040 (433494.010.000) 2023-09-13 18:54:46 Started transferring output files
...
040 (433494.010.000) 2023-09-13 18:54:46 Finished transferring output files
...
005 (433494.010.000) 2023-09-13 18:54:47 Job terminated.
	(1) Normal termination (return value 0)
		Usr 0 00:25:58, Sys 0 00:00:45  -  Run Remote Usage
		Usr 0 00:00:00, Sys 0 00:00:00  -  Run Local Usage
		Usr 0 00:25:58, Sys 0 00:00:45  -  Total Remote Usage
		Usr 0 00:00:00, Sys 0 00:00:00  -  Total Local Usage
	350  -  Run Bytes Sent By Job
	217  -  Run Bytes Received By Job
	350  -  Total Bytes Sent By Job
	217  -  Total Bytes Received By Job
	Partitionable Resources :    Usage  Request Allocated 
	   Cpus                 :                 4         4 
	   Disk (KB)            :       12        1    745371 
	   Memory (MB)          :     1155        1       128 

	Job terminated of its own accord at 2023-09-13T16:54:46Z.
...
