000 (433494.005.000) 2023-09-13 18:49:08 Job submitted from host: <172.17.47.42:9618?addrs=172.17.47.42-9618&alias=condorsc1.ciemat.es&noUDP&sock=schedd_1710_7f09>
...
040 (433494.005.000) 2023-09-13 18:49:33 Started transferring input files
	Transferring to host: <172.17.36.206:9618?addrs=172.17.36.206-9618&alias=gaew0206.ciemat.es&noUDP&sock=slot1_5_3704_8d90_1182>
...
040 (433494.005.000) 2023-09-13 18:49:33 Finished transferring input files
...
001 (433494.005.000) 2023-09-13 18:49:34 Job executing on host: <172.17.36.206:9618?addrs=172.17.36.206-9618&alias=gaew0206.ciemat.es&noUDP&sock=startd_2602_5584>
...
006 (433494.005.000) 2023-09-13 18:49:42 Image size of job updated: 515976
	127  -  MemoryUsage of job (MB)
	129532  -  ResidentSetSize of job (KB)
...
006 (433494.005.000) 2023-09-13 18:50:42 Image size of job updated: 1093068
	362  -  MemoryUsage of job (MB)
	370108  -  ResidentSetSize of job (KB)
...
006 (433494.005.000) 2023-09-13 18:51:42 Image size of job updated: 4538800
	2373  -  MemoryUsage of job (MB)
	2429240  -  ResidentSetSize of job (KB)
...
006 (433494.005.000) 2023-09-13 18:52:42 Image size of job updated: 4561156
	2477  -  MemoryUsage of job (MB)
	2536220  -  ResidentSetSize of job (KB)
...
006 (433494.005.000) 2023-09-13 18:53:42 Image size of job updated: 4566924
	2495  -  MemoryUsage of job (MB)
	2553876  -  ResidentSetSize of job (KB)
...
006 (433494.005.000) 2023-09-13 18:54:42 Image size of job updated: 4604540
	2509  -  MemoryUsage of job (MB)
	2569100  -  ResidentSetSize of job (KB)
...
040 (433494.005.000) 2023-09-13 18:54:46 Started transferring output files
...
040 (433494.005.000) 2023-09-13 18:54:46 Finished transferring output files
...
005 (433494.005.000) 2023-09-13 18:54:48 Job terminated.
	(1) Normal termination (return value 0)
		Usr 0 00:39:28, Sys 0 00:01:07  -  Run Remote Usage
		Usr 0 00:00:00, Sys 0 00:00:00  -  Run Local Usage
		Usr 0 00:39:28, Sys 0 00:01:07  -  Total Remote Usage
		Usr 0 00:00:00, Sys 0 00:00:00  -  Total Local Usage
	350  -  Run Bytes Sent By Job
	217  -  Run Bytes Received By Job
	350  -  Total Bytes Sent By Job
	217  -  Total Bytes Received By Job
	Partitionable Resources :    Usage  Request Allocated 
	   Cpus                 :    13.55        4         4 
	   Disk (KB)            :    18           1    742038 
	   Memory (MB)          :  2509           1       128 

	Job terminated of its own accord at 2023-09-13T16:54:46Z.
...
