000 (433495.022.000) 2023-09-13 18:49:11 Job submitted from host: <172.17.47.42:9618?addrs=172.17.47.42-9618&alias=condorsc1.ciemat.es&noUDP&sock=schedd_1710_7f09>
...
040 (433495.022.000) 2023-09-13 20:34:02 Started transferring input files
	Transferring to host: <172.17.36.200:9618?addrs=172.17.36.200-9618&alias=gaew0200.ciemat.es&noUDP&sock=slot1_5_3729_2af1_1138>
...
040 (433495.022.000) 2023-09-13 20:34:02 Finished transferring input files
...
001 (433495.022.000) 2023-09-13 20:34:03 Job executing on host: <172.17.36.200:9618?addrs=172.17.36.200-9618&alias=gaew0200.ciemat.es&noUDP&sock=startd_2654_0071>
...
006 (433495.022.000) 2023-09-13 20:34:12 Image size of job updated: 119664
	1  -  MemoryUsage of job (MB)
	328  -  ResidentSetSize of job (KB)
...
006 (433495.022.000) 2023-09-13 20:35:12 Image size of job updated: 833000
	127  -  MemoryUsage of job (MB)
	129476  -  ResidentSetSize of job (KB)
...
006 (433495.022.000) 2023-09-13 20:36:12 Image size of job updated: 4469544
	1110  -  MemoryUsage of job (MB)
	1136624  -  ResidentSetSize of job (KB)
...
006 (433495.022.000) 2023-09-13 20:37:12 Image size of job updated: 4469920
	1162  -  MemoryUsage of job (MB)
	1188976  -  ResidentSetSize of job (KB)
...
006 (433495.022.000) 2023-09-13 20:37:47 Image size of job updated: 4470004
	1162  -  MemoryUsage of job (MB)
	1188976  -  ResidentSetSize of job (KB)
...
040 (433495.022.000) 2023-09-13 20:37:47 Started transferring output files
...
040 (433495.022.000) 2023-09-13 20:37:47 Finished transferring output files
...
005 (433495.022.000) 2023-09-13 20:37:48 Job terminated.
	(1) Normal termination (return value 0)
		Usr 0 00:25:14, Sys 0 00:00:47  -  Run Remote Usage
		Usr 0 00:00:00, Sys 0 00:00:00  -  Run Local Usage
		Usr 0 00:25:14, Sys 0 00:00:47  -  Total Remote Usage
		Usr 0 00:00:00, Sys 0 00:00:00  -  Total Local Usage
	346  -  Run Bytes Sent By Job
	217  -  Run Bytes Received By Job
	346  -  Total Bytes Sent By Job
	217  -  Total Bytes Received By Job
	Partitionable Resources :    Usage  Request Allocated 
	   Cpus                 :                 4         4 
	   Disk (KB)            :       12        1    740042 
	   Memory (MB)          :     1162        1       128 

	Job terminated of its own accord at 2023-09-13T18:37:47Z.
...
