000 (433494.004.000) 2023-09-13 18:49:08 Job submitted from host: <172.17.47.42:9618?addrs=172.17.47.42-9618&alias=condorsc1.ciemat.es&noUDP&sock=schedd_1710_7f09>
...
040 (433494.004.000) 2023-09-13 18:49:33 Started transferring input files
	Transferring to host: <172.17.36.203:9618?addrs=172.17.36.203-9618&alias=gaew0203.ciemat.es&noUDP&sock=slot1_5_3849_b7f6_1432>
...
040 (433494.004.000) 2023-09-13 18:49:33 Finished transferring input files
...
001 (433494.004.000) 2023-09-13 18:49:34 Job executing on host: <172.17.36.203:9618?addrs=172.17.36.203-9618&alias=gaew0203.ciemat.es&noUDP&sock=startd_2728_c273>
...
006 (433494.004.000) 2023-09-13 18:49:42 Image size of job updated: 833124
	127  -  MemoryUsage of job (MB)
	129536  -  ResidentSetSize of job (KB)
...
006 (433494.004.000) 2023-09-13 18:50:42 Image size of job updated: 4477088
	1964  -  MemoryUsage of job (MB)
	2010204  -  ResidentSetSize of job (KB)
...
006 (433494.004.000) 2023-09-13 18:51:42 Image size of job updated: 4535684
	2390  -  MemoryUsage of job (MB)
	2446360  -  ResidentSetSize of job (KB)
...
006 (433494.004.000) 2023-09-13 18:52:42 Image size of job updated: 4579768
	2464  -  MemoryUsage of job (MB)
	2522156  -  ResidentSetSize of job (KB)
...
040 (433494.004.000) 2023-09-13 18:53:31 Started transferring output files
...
040 (433494.004.000) 2023-09-13 18:53:31 Finished transferring output files
...
005 (433494.004.000) 2023-09-13 18:53:31 Job terminated.
	(1) Normal termination (return value 0)
		Usr 0 00:38:51, Sys 0 00:01:47  -  Run Remote Usage
		Usr 0 00:00:00, Sys 0 00:00:00  -  Run Local Usage
		Usr 0 00:38:51, Sys 0 00:01:47  -  Total Remote Usage
		Usr 0 00:00:00, Sys 0 00:00:00  -  Total Local Usage
	350  -  Run Bytes Sent By Job
	217  -  Run Bytes Received By Job
	350  -  Total Bytes Sent By Job
	217  -  Total Bytes Received By Job
	Partitionable Resources :    Usage  Request Allocated 
	   Cpus                 :                 4         4 
	   Disk (KB)            :       12        1    741177 
	   Memory (MB)          :     2464        1       128 

	Job terminated of its own accord at 2023-09-13T16:53:31Z.
...
