000 (433495.023.000) 2023-09-13 18:49:11 Job submitted from host: <172.17.47.42:9618?addrs=172.17.47.42-9618&alias=condorsc1.ciemat.es&noUDP&sock=schedd_1710_7f09>
...
040 (433495.023.000) 2023-09-13 20:38:46 Started transferring input files
	Transferring to host: <172.17.36.200:9618?addrs=172.17.36.200-9618&alias=gaew0200.ciemat.es&noUDP&sock=slot1_5_3729_2af1_1139>
...
040 (433495.023.000) 2023-09-13 20:38:46 Finished transferring input files
...
001 (433495.023.000) 2023-09-13 20:38:47 Job executing on host: <172.17.36.200:9618?addrs=172.17.36.200-9618&alias=gaew0200.ciemat.es&noUDP&sock=startd_2654_0071>
...
006 (433495.023.000) 2023-09-13 20:38:55 Image size of job updated: 129432
	127  -  MemoryUsage of job (MB)
	129432  -  ResidentSetSize of job (KB)
...
006 (433495.023.000) 2023-09-13 20:39:55 Image size of job updated: 4469644
	1104  -  MemoryUsage of job (MB)
	1130240  -  ResidentSetSize of job (KB)
...
006 (433495.023.000) 2023-09-13 20:40:55 Image size of job updated: 4469848
	1184  -  MemoryUsage of job (MB)
	1212260  -  ResidentSetSize of job (KB)
...
040 (433495.023.000) 2023-09-13 20:41:01 Started transferring output files
...
040 (433495.023.000) 2023-09-13 20:41:01 Finished transferring output files
...
005 (433495.023.000) 2023-09-13 20:41:02 Job terminated.
	(1) Normal termination (return value 0)
		Usr 0 00:16:56, Sys 0 00:00:45  -  Run Remote Usage
		Usr 0 00:00:00, Sys 0 00:00:00  -  Run Local Usage
		Usr 0 00:16:56, Sys 0 00:00:45  -  Total Remote Usage
		Usr 0 00:00:00, Sys 0 00:00:00  -  Total Local Usage
	346  -  Run Bytes Sent By Job
	217  -  Run Bytes Received By Job
	346  -  Total Bytes Sent By Job
	217  -  Total Bytes Received By Job
	Partitionable Resources :    Usage  Request Allocated 
	   Cpus                 :                 4         4 
	   Disk (KB)            :       12        1    740042 
	   Memory (MB)          :     1184        1       128 

	Job terminated of its own accord at 2023-09-13T18:41:01Z.
...
