000 (433494.011.000) 2023-09-13 18:49:08 Job submitted from host: <172.17.47.42:9618?addrs=172.17.47.42-9618&alias=condorsc1.ciemat.es&noUDP&sock=schedd_1710_7f09>
...
040 (433494.011.000) 2023-09-13 18:51:54 Started transferring input files
	Transferring to host: <172.17.36.201:9618?addrs=172.17.36.201-9618&alias=gaew0201.ciemat.es&noUDP&sock=slot1_5_3793_42f3_2228>
...
040 (433494.011.000) 2023-09-13 18:51:54 Finished transferring input files
...
001 (433494.011.000) 2023-09-13 18:51:55 Job executing on host: <172.17.36.201:9618?addrs=172.17.36.201-9618&alias=gaew0201.ciemat.es&noUDP&sock=startd_2612_3176>
...
006 (433494.011.000) 2023-09-13 18:52:03 Image size of job updated: 129436
	127  -  MemoryUsage of job (MB)
	129436  -  ResidentSetSize of job (KB)
...
006 (433494.011.000) 2023-09-13 18:53:03 Image size of job updated: 4531140
	1148  -  MemoryUsage of job (MB)
	1175428  -  ResidentSetSize of job (KB)
...
006 (433494.011.000) 2023-09-13 18:54:03 Image size of job updated: 4531140
	1175  -  MemoryUsage of job (MB)
	1202452  -  ResidentSetSize of job (KB)
...
040 (433494.011.000) 2023-09-13 18:54:04 Started transferring output files
...
040 (433494.011.000) 2023-09-13 18:54:04 Finished transferring output files
...
005 (433494.011.000) 2023-09-13 18:54:04 Job terminated.
	(1) Normal termination (return value 0)
		Usr 0 00:17:21, Sys 0 00:00:47  -  Run Remote Usage
		Usr 0 00:00:00, Sys 0 00:00:00  -  Run Local Usage
		Usr 0 00:17:21, Sys 0 00:00:47  -  Total Remote Usage
		Usr 0 00:00:00, Sys 0 00:00:00  -  Total Local Usage
	350  -  Run Bytes Sent By Job
	217  -  Run Bytes Received By Job
	350  -  Total Bytes Sent By Job
	217  -  Total Bytes Received By Job
	Partitionable Resources :    Usage  Request Allocated 
	   Cpus                 :     0.78        4         4 
	   Disk (KB)            :    18           1    743351 
	   Memory (MB)          :  1175           1       128 

	Job terminated of its own accord at 2023-09-13T16:54:04Z.
...
